{"/home/travis/build/npmtest/node-npmtest-jsonschema/test.js":{"path":"/home/travis/build/npmtest/node-npmtest-jsonschema/test.js","s":{"1":2,"2":2,"3":2,"4":2,"5":2,"6":2,"7":2,"8":1,"9":2,"10":2,"11":1,"12":1,"13":1,"14":1,"15":2,"16":2,"17":2,"18":2,"19":1,"20":1,"21":2,"22":2,"23":2,"24":1,"25":1,"26":1,"27":1,"28":1,"29":1,"30":1,"31":1,"32":1,"33":1,"34":1,"35":1,"36":1,"37":1,"38":1,"39":2,"40":2,"41":1,"42":2,"43":2,"44":1,"45":2,"46":2,"47":1,"48":2,"49":2,"50":1,"51":1,"52":1,"53":1,"54":1},"b":{"1":[2,1,1,1],"2":[1,1,1,1],"3":[1,1],"4":[1,1],"5":[1,1],"6":[1,1],"7":[1,1],"8":[1,1],"9":[1,1],"10":[1,1,1],"11":[1,1],"12":[1,1],"13":[1,1],"14":[1,1],"15":[1,1],"16":[1,1],"17":[1,1]},"f":{"1":2,"2":2,"3":2,"4":2,"5":2,"6":1,"7":1,"8":1,"9":2,"10":2,"11":2,"12":2,"13":1},"fnMap":{"1":{"name":"(anonymous_1)","line":12,"loc":{"start":{"line":12,"column":1},"end":{"line":12,"column":13}}},"2":{"name":"(anonymous_2)","line":19,"loc":{"start":{"line":19,"column":5},"end":{"line":19,"column":17}}},"3":{"name":"(anonymous_3)","line":23,"loc":{"start":{"line":23,"column":24},"end":{"line":23,"column":36}}},"4":{"name":"(anonymous_4)","line":61,"loc":{"start":{"line":61,"column":5},"end":{"line":61,"column":17}}},"5":{"name":"(anonymous_5)","line":82,"loc":{"start":{"line":82,"column":5},"end":{"line":82,"column":17}}},"6":{"name":"(anonymous_6)","line":91,"loc":{"start":{"line":91,"column":77},"end":{"line":94,"column":10}}},"7":{"name":"(anonymous_7)","line":112,"loc":{"start":{"line":112,"column":83},"end":{"line":115,"column":10}},"skip":true},"8":{"name":"(anonymous_8)","line":123,"loc":{"start":{"line":123,"column":77},"end":{"line":126,"column":10}},"skip":true},"9":{"name":"(anonymous_9)","line":139,"loc":{"start":{"line":139,"column":12},"end":{"line":139,"column":40}},"skip":true},"10":{"name":"(anonymous_10)","line":147,"loc":{"start":{"line":147,"column":77},"end":{"line":150,"column":10}},"skip":true},"11":{"name":"(anonymous_11)","line":158,"loc":{"start":{"line":158,"column":83},"end":{"line":161,"column":10}},"skip":true},"12":{"name":"(anonymous_12)","line":169,"loc":{"start":{"line":169,"column":79},"end":{"line":172,"column":10}},"skip":true},"13":{"name":"(anonymous_13)","line":180,"loc":{"start":{"line":180,"column":75},"end":{"line":183,"column":10}},"skip":true}},"statementMap":{"1":{"start":{"line":12,"column":0},"end":{"line":195,"column":5}},"2":{"start":{"line":14,"column":4},"end":{"line":14,"column":14}},"3":{"start":{"line":19,"column":4},"end":{"line":56,"column":9}},"4":{"start":{"line":21,"column":8},"end":{"line":21,"column":19}},"5":{"start":{"line":23,"column":8},"end":{"line":35,"column":13}},"6":{"start":{"line":24,"column":12},"end":{"line":34,"column":13}},"7":{"start":{"line":25,"column":16},"end":{"line":28,"column":30}},"8":{"start":{"line":30,"column":16},"end":{"line":33,"column":27}},"9":{"start":{"line":37,"column":8},"end":{"line":39,"column":21}},"10":{"start":{"line":40,"column":8},"end":{"line":53,"column":9}},"11":{"start":{"line":43,"column":12},"end":{"line":46,"column":14}},"12":{"start":{"line":47,"column":12},"end":{"line":47,"column":18}},"13":{"start":{"line":50,"column":12},"end":{"line":51,"column":46}},"14":{"start":{"line":52,"column":12},"end":{"line":52,"column":18}},"15":{"start":{"line":55,"column":8},"end":{"line":55,"column":35}},"16":{"start":{"line":61,"column":4},"end":{"line":63,"column":9}},"17":{"start":{"line":62,"column":8},"end":{"line":62,"column":15}},"18":{"start":{"line":64,"column":4},"end":{"line":77,"column":5}},"19":{"start":{"line":70,"column":8},"end":{"line":70,"column":14}},"20":{"start":{"line":76,"column":8},"end":{"line":76,"column":14}},"21":{"start":{"line":82,"column":4},"end":{"line":84,"column":9}},"22":{"start":{"line":83,"column":8},"end":{"line":83,"column":15}},"23":{"start":{"line":85,"column":4},"end":{"line":194,"column":5}},"24":{"start":{"line":91,"column":8},"end":{"line":99,"column":10}},"25":{"start":{"line":98,"column":12},"end":{"line":98,"column":35}},"26":{"start":{"line":102,"column":8},"end":{"line":104,"column":63}},"27":{"start":{"line":105,"column":8},"end":{"line":105,"column":14}},"28":{"start":{"line":112,"column":8},"end":{"line":121,"column":10},"skip":true},"29":{"start":{"line":119,"column":12},"end":{"line":119,"column":55},"skip":true},"30":{"start":{"line":120,"column":12},"end":{"line":120,"column":48},"skip":true},"31":{"start":{"line":123,"column":8},"end":{"line":136,"column":10},"skip":true},"32":{"start":{"line":130,"column":12},"end":{"line":130,"column":76},"skip":true},"33":{"start":{"line":131,"column":12},"end":{"line":131,"column":73},"skip":true},"34":{"start":{"line":132,"column":12},"end":{"line":132,"column":74},"skip":true},"35":{"start":{"line":133,"column":12},"end":{"line":133,"column":79},"skip":true},"36":{"start":{"line":134,"column":12},"end":{"line":134,"column":25},"skip":true},"37":{"start":{"line":135,"column":12},"end":{"line":135,"column":45},"skip":true},"38":{"start":{"line":138,"column":8},"end":{"line":145,"column":14},"skip":true},"39":{"start":{"line":143,"column":16},"end":{"line":143,"column":29},"skip":true},"40":{"start":{"line":144,"column":16},"end":{"line":144,"column":55},"skip":true},"41":{"start":{"line":147,"column":8},"end":{"line":156,"column":10},"skip":true},"42":{"start":{"line":154,"column":12},"end":{"line":154,"column":25},"skip":true},"43":{"start":{"line":155,"column":12},"end":{"line":155,"column":45},"skip":true},"44":{"start":{"line":158,"column":8},"end":{"line":167,"column":10},"skip":true},"45":{"start":{"line":165,"column":12},"end":{"line":165,"column":25},"skip":true},"46":{"start":{"line":166,"column":12},"end":{"line":166,"column":48},"skip":true},"47":{"start":{"line":169,"column":8},"end":{"line":178,"column":10},"skip":true},"48":{"start":{"line":176,"column":12},"end":{"line":176,"column":25},"skip":true},"49":{"start":{"line":177,"column":12},"end":{"line":177,"column":46},"skip":true},"50":{"start":{"line":180,"column":8},"end":{"line":189,"column":10},"skip":true},"51":{"start":{"line":187,"column":12},"end":{"line":187,"column":94},"skip":true},"52":{"start":{"line":188,"column":12},"end":{"line":188,"column":48},"skip":true},"53":{"start":{"line":192,"column":8},"end":{"line":192,"column":35},"skip":true},"54":{"start":{"line":193,"column":8},"end":{"line":193,"column":14},"skip":true}},"branchMap":{"1":{"line":25,"type":"binary-expr","locations":[{"start":{"line":25,"column":23},"end":{"line":25,"column":62}},{"start":{"line":26,"column":20},"end":{"line":26,"column":70}},{"start":{"line":27,"column":20},"end":{"line":27,"column":71}},{"start":{"line":28,"column":20},"end":{"line":28,"column":29}}]},"2":{"line":30,"type":"binary-expr","locations":[{"start":{"line":30,"column":23},"end":{"line":30,"column":37}},{"start":{"line":31,"column":20},"end":{"line":31,"column":61}},{"start":{"line":32,"column":20},"end":{"line":32,"column":70}},{"start":{"line":33,"column":20},"end":{"line":33,"column":26}}]},"3":{"line":37,"type":"cond-expr","locations":[{"start":{"line":38,"column":14},"end":{"line":38,"column":20}},{"start":{"line":39,"column":14},"end":{"line":39,"column":20}}]},"4":{"line":40,"type":"switch","locations":[{"start":{"line":42,"column":8},"end":{"line":47,"column":18}},{"start":{"line":49,"column":8},"end":{"line":52,"column":18}}]},"5":{"line":44,"type":"binary-expr","locations":[{"start":{"line":44,"column":16},"end":{"line":44,"column":44}},{"start":{"line":44,"column":48},"end":{"line":44,"column":66}}]},"6":{"line":50,"type":"binary-expr","locations":[{"start":{"line":50,"column":21},"end":{"line":50,"column":49}},{"start":{"line":50,"column":53},"end":{"line":50,"column":72}}]},"7":{"line":64,"type":"switch","locations":[{"start":{"line":69,"column":4},"end":{"line":70,"column":14}},{"start":{"line":75,"column":4},"end":{"line":76,"column":14}}]},"8":{"line":85,"type":"switch","locations":[{"start":{"line":90,"column":4},"end":{"line":105,"column":14}},{"start":{"line":111,"column":4},"end":{"line":193,"column":14},"skip":true}]},"9":{"line":91,"type":"binary-expr","locations":[{"start":{"line":91,"column":42},"end":{"line":91,"column":73}},{"start":{"line":91,"column":77},"end":{"line":99,"column":9}}]},"10":{"line":102,"type":"binary-expr","locations":[{"start":{"line":102,"column":18},"end":{"line":102,"column":32}},{"start":{"line":103,"column":12},"end":{"line":103,"column":53}},{"start":{"line":104,"column":12},"end":{"line":104,"column":61}}]},"11":{"line":112,"type":"binary-expr","locations":[{"start":{"line":112,"column":45},"end":{"line":112,"column":79},"skip":true},{"start":{"line":112,"column":83},"end":{"line":121,"column":9},"skip":true}]},"12":{"line":123,"type":"binary-expr","locations":[{"start":{"line":123,"column":42},"end":{"line":123,"column":73},"skip":true},{"start":{"line":123,"column":77},"end":{"line":136,"column":9},"skip":true}]},"13":{"line":138,"type":"binary-expr","locations":[{"start":{"line":138,"column":48},"end":{"line":138,"column":85},"skip":true},{"start":{"line":139,"column":12},"end":{"line":145,"column":13},"skip":true}]},"14":{"line":147,"type":"binary-expr","locations":[{"start":{"line":147,"column":42},"end":{"line":147,"column":73},"skip":true},{"start":{"line":147,"column":77},"end":{"line":156,"column":9},"skip":true}]},"15":{"line":158,"type":"binary-expr","locations":[{"start":{"line":158,"column":45},"end":{"line":158,"column":79},"skip":true},{"start":{"line":158,"column":83},"end":{"line":167,"column":9},"skip":true}]},"16":{"line":169,"type":"binary-expr","locations":[{"start":{"line":169,"column":43},"end":{"line":169,"column":75},"skip":true},{"start":{"line":169,"column":79},"end":{"line":178,"column":9},"skip":true}]},"17":{"line":180,"type":"binary-expr","locations":[{"start":{"line":180,"column":41},"end":{"line":180,"column":71},"skip":true},{"start":{"line":180,"column":75},"end":{"line":189,"column":9},"skip":true}]}},"code":["/* istanbul instrument in package npmtest_jsonschema */","/*jslint","    bitwise: true,","    browser: true,","    maxerr: 8,","    maxlen: 96,","    node: true,","    nomen: true,","    regexp: true,","    stupid: true","*/","(function () {","    'use strict';","    var local;","","","","    // run shared js-env code - pre-init","    (function () {","        // init local","        local = {};","        // init modeJs","        local.modeJs = (function () {","            try {","                return typeof navigator.userAgent === 'string' &&","                    typeof document.querySelector('body') === 'object' &&","                    typeof XMLHttpRequest.prototype.open === 'function' &&","                    'browser';","            } catch (errorCaughtBrowser) {","                return module.exports &&","                    typeof process.versions.node === 'string' &&","                    typeof require('http').createServer === 'function' &&","                    'node';","            }","        }());","        // init global","        local.global = local.modeJs === 'browser'","            ? window","            : global;","        switch (local.modeJs) {","        // re-init local from window.local","        case 'browser':","            local = local.global.utility2.objectSetDefault(","                local.global.utility2_rollup || local.global.local,","                local.global.utility2","            );","            break;","        // re-init local from example.js","        case 'node':","            local = (local.global.utility2_rollup || require('utility2'))","                .requireExampleJsFromReadme();","            break;","        }","        // export local","        local.global.local = local;","    }());","","","","    // run shared js-env code - function","    (function () {","        return;","    }());","    switch (local.modeJs) {","","","","    // run browser js-env code - function","    case 'browser':","        break;","","","","    // run node js-env code - function","    case 'node':","        break;","    }","","","","    // run shared js-env code - post-init","    (function () {","        return;","    }());","    switch (local.modeJs) {","","","","    // run browser js-env code - post-init","    case 'browser':","        local.testCase_browser_nullCase = local.testCase_browser_nullCase || function (","            options,","            onError","        ) {","        /*","         * this function will test browsers's null-case handling-behavior-behavior","         */","            onError(null, options);","        };","","        // run tests","        local.nop(local.modeTest &&","            document.querySelector('#testRunButton1') &&","            document.querySelector('#testRunButton1').click());","        break;","","","","    // run node js-env code - post-init","    /* istanbul ignore next */","    case 'node':","        local.testCase_buildApidoc_default = local.testCase_buildApidoc_default || function (","            options,","            onError","        ) {","        /*","         * this function will test buildApidoc's default handling-behavior-behavior","         */","            options = { modulePathList: module.paths };","            local.buildApidoc(options, onError);","        };","","        local.testCase_buildApp_default = local.testCase_buildApp_default || function (","            options,","            onError","        ) {","        /*","         * this function will test buildApp's default handling-behavior-behavior","         */","            local.testCase_buildReadme_default(options, local.onErrorThrow);","            local.testCase_buildLib_default(options, local.onErrorThrow);","            local.testCase_buildTest_default(options, local.onErrorThrow);","            local.testCase_buildCustomOrg_default(options, local.onErrorThrow);","            options = [];","            local.buildApp(options, onError);","        };","","        local.testCase_buildCustomOrg_default = local.testCase_buildCustomOrg_default ||","            function (options, onError) {","            /*","             * this function will test buildCustomOrg's default handling-behavior","             */","                options = {};","                local.buildCustomOrg(options, onError);","            };","","        local.testCase_buildLib_default = local.testCase_buildLib_default || function (","            options,","            onError","        ) {","        /*","         * this function will test buildLib's default handling-behavior","         */","            options = {};","            local.buildLib(options, onError);","        };","","        local.testCase_buildReadme_default = local.testCase_buildReadme_default || function (","            options,","            onError","        ) {","        /*","         * this function will test buildReadme's default handling-behavior-behavior","         */","            options = {};","            local.buildReadme(options, onError);","        };","","        local.testCase_buildTest_default = local.testCase_buildTest_default || function (","            options,","            onError","        ) {","        /*","         * this function will test buildTest's default handling-behavior","         */","            options = {};","            local.buildTest(options, onError);","        };","","        local.testCase_webpage_default = local.testCase_webpage_default || function (","            options,","            onError","        ) {","        /*","         * this function will test webpage's default handling-behavior","         */","            options = { modeCoverageMerge: true, url: local.serverLocalHost + '?modeTest=1' };","            local.browserTest(options, onError);","        };","","        // run test-server","        local.testRunServer(local);","        break;","    }","}());",""],"l":{"12":2,"14":2,"19":2,"21":2,"23":2,"24":2,"25":2,"30":1,"37":2,"40":2,"43":1,"47":1,"50":1,"52":1,"55":2,"61":2,"62":2,"64":2,"70":1,"76":1,"82":2,"83":2,"85":2,"91":1,"98":1,"102":1,"105":1,"112":1,"119":1,"120":1,"123":1,"130":1,"131":1,"132":1,"133":1,"134":1,"135":1,"138":1,"143":2,"144":2,"147":1,"154":2,"155":2,"158":1,"165":2,"166":2,"169":1,"176":2,"177":2,"180":1,"187":1,"188":1,"192":1,"193":1}},"/home/travis/build/npmtest/node-npmtest-jsonschema/lib.npmtest_jsonschema.js":{"path":"/home/travis/build/npmtest/node-npmtest-jsonschema/lib.npmtest_jsonschema.js","s":{"1":2,"2":2,"3":2,"4":2,"5":2,"6":2,"7":2,"8":1,"9":2,"10":2,"11":2,"12":2,"13":1,"14":1,"15":1,"16":1},"b":{"1":[2,1,1,1],"2":[1,1,1,1],"3":[1,1],"4":[2,2],"5":[1,1]},"f":{"1":2,"2":2,"3":2},"fnMap":{"1":{"name":"(anonymous_1)","line":12,"loc":{"start":{"line":12,"column":1},"end":{"line":12,"column":13}}},"2":{"name":"(anonymous_2)","line":19,"loc":{"start":{"line":19,"column":5},"end":{"line":19,"column":17}}},"3":{"name":"(anonymous_3)","line":23,"loc":{"start":{"line":23,"column":24},"end":{"line":23,"column":36}}}},"statementMap":{"1":{"start":{"line":12,"column":0},"end":{"line":53,"column":5}},"2":{"start":{"line":14,"column":4},"end":{"line":14,"column":14}},"3":{"start":{"line":19,"column":4},"end":{"line":52,"column":9}},"4":{"start":{"line":21,"column":8},"end":{"line":21,"column":19}},"5":{"start":{"line":23,"column":8},"end":{"line":35,"column":13}},"6":{"start":{"line":24,"column":12},"end":{"line":34,"column":13}},"7":{"start":{"line":25,"column":16},"end":{"line":28,"column":30}},"8":{"start":{"line":30,"column":16},"end":{"line":33,"column":27}},"9":{"start":{"line":37,"column":8},"end":{"line":39,"column":21}},"10":{"start":{"line":41,"column":8},"end":{"line":41,"column":54}},"11":{"start":{"line":43,"column":8},"end":{"line":43,"column":55}},"12":{"start":{"line":45,"column":8},"end":{"line":51,"column":9}},"13":{"start":{"line":46,"column":12},"end":{"line":46,"column":61}},"14":{"start":{"line":48,"column":12},"end":{"line":48,"column":35}},"15":{"start":{"line":49,"column":12},"end":{"line":49,"column":49}},"16":{"start":{"line":50,"column":12},"end":{"line":50,"column":43}}},"branchMap":{"1":{"line":25,"type":"binary-expr","locations":[{"start":{"line":25,"column":23},"end":{"line":25,"column":62}},{"start":{"line":26,"column":20},"end":{"line":26,"column":70}},{"start":{"line":27,"column":20},"end":{"line":27,"column":71}},{"start":{"line":28,"column":20},"end":{"line":28,"column":29}}]},"2":{"line":30,"type":"binary-expr","locations":[{"start":{"line":30,"column":23},"end":{"line":30,"column":37}},{"start":{"line":31,"column":20},"end":{"line":31,"column":61}},{"start":{"line":32,"column":20},"end":{"line":32,"column":70}},{"start":{"line":33,"column":20},"end":{"line":33,"column":26}}]},"3":{"line":37,"type":"cond-expr","locations":[{"start":{"line":38,"column":14},"end":{"line":38,"column":20}},{"start":{"line":39,"column":14},"end":{"line":39,"column":20}}]},"4":{"line":41,"type":"binary-expr","locations":[{"start":{"line":41,"column":16},"end":{"line":41,"column":44}},{"start":{"line":41,"column":48},"end":{"line":41,"column":53}}]},"5":{"line":45,"type":"if","locations":[{"start":{"line":45,"column":8},"end":{"line":45,"column":8}},{"start":{"line":45,"column":8},"end":{"line":45,"column":8}}]}},"code":["/* istanbul instrument in package npmtest_jsonschema */","/*jslint","    bitwise: true,","    browser: true,","    maxerr: 8,","    maxlen: 96,","    node: true,","    nomen: true,","    regexp: true,","    stupid: true","*/","(function () {","    'use strict';","    var local;","","","","    // run shared js-env code - pre-init","    (function () {","        // init local","        local = {};","        // init modeJs","        local.modeJs = (function () {","            try {","                return typeof navigator.userAgent === 'string' &&","                    typeof document.querySelector('body') === 'object' &&","                    typeof XMLHttpRequest.prototype.open === 'function' &&","                    'browser';","            } catch (errorCaughtBrowser) {","                return module.exports &&","                    typeof process.versions.node === 'string' &&","                    typeof require('http').createServer === 'function' &&","                    'node';","            }","        }());","        // init global","        local.global = local.modeJs === 'browser'","            ? window","            : global;","        // init utility2_rollup","        local = local.global.utility2_rollup || local;","        // init lib","        local.local = local.npmtest_jsonschema = local;","        // init exports","        if (local.modeJs === 'browser') {","            local.global.utility2_npmtest_jsonschema = local;","        } else {","            module.exports = local;","            module.exports.__dirname = __dirname;","            module.exports.module = module;","        }","    }());","}());",""],"l":{"12":2,"14":2,"19":2,"21":2,"23":2,"24":2,"25":2,"30":1,"37":2,"41":2,"43":2,"45":2,"46":1,"48":1,"49":1,"50":1}},"/home/travis/build/npmtest/node-npmtest-jsonschema/example.js":{"path":"/home/travis/build/npmtest/node-npmtest-jsonschema/example.js","s":{"1":2,"2":2,"3":2,"4":2,"5":2,"6":2,"7":2,"8":1,"9":2,"10":2,"11":2,"12":2,"13":1,"14":2,"15":2,"16":2,"17":2,"18":2,"19":0,"20":2,"21":1,"22":1,"23":1,"24":1,"25":1,"26":0,"27":0,"28":1,"29":1,"30":2,"31":0,"32":0,"33":0,"34":1,"35":2,"36":2,"37":3,"38":3,"39":3,"40":3,"41":0,"42":3,"43":3,"44":3,"45":1,"46":3,"47":1,"48":1,"49":1,"50":1,"51":1,"52":1,"53":1,"54":1,"55":1,"56":1,"57":0,"58":1,"59":6,"60":6,"61":1,"62":2,"63":0,"64":2,"65":1,"66":1,"67":0,"68":0,"69":0,"70":0,"71":0,"72":0,"73":0,"74":0,"75":0,"76":0,"77":0,"78":0,"79":0,"80":0,"81":0,"82":0,"83":0},"b":{"1":[2,1,1,1],"2":[1,1,1,1],"3":[1,1],"4":[2,2],"5":[1,1],"6":[1,1],"7":[2,0],"8":[2,1,1,1,1,1],"9":[0,2,0],"10":[1,1],"11":[2,1,1],"12":[1,0],"13":[0,2],"14":[2,0,0,0,0,0,0],"15":[0,3],"16":[3,0],"17":[1,1],"18":[0,1],"19":[1,2,0,2],"20":[1,0],"21":[1,1],"22":[0,0],"23":[0,0],"24":[0,0],"25":[0,0],"26":[0,0],"27":[0,0],"28":[0,0]},"f":{"1":2,"2":2,"3":2,"4":2,"5":2,"6":2,"7":3,"8":3,"9":3,"10":1,"11":6,"12":0},"fnMap":{"1":{"name":"(anonymous_1)","line":26,"loc":{"start":{"line":26,"column":1},"end":{"line":26,"column":13}}},"2":{"name":"(anonymous_2)","line":33,"loc":{"start":{"line":33,"column":5},"end":{"line":33,"column":17}}},"3":{"name":"(anonymous_3)","line":37,"loc":{"start":{"line":37,"column":24},"end":{"line":37,"column":36}}},"4":{"name":"(anonymous_4)","line":69,"loc":{"start":{"line":69,"column":31},"end":{"line":69,"column":48}},"skip":true},"5":{"name":"(anonymous_5)","line":78,"loc":{"start":{"line":78,"column":26},"end":{"line":78,"column":45}},"skip":true},"6":{"name":"(anonymous_6)","line":123,"loc":{"start":{"line":123,"column":33},"end":{"line":123,"column":48}},"skip":true},"7":{"name":"(anonymous_7)","line":125,"loc":{"start":{"line":125,"column":27},"end":{"line":125,"column":39}},"skip":true},"8":{"name":"(anonymous_8)","line":133,"loc":{"start":{"line":133,"column":59},"end":{"line":133,"column":74}},"skip":true},"9":{"name":"(anonymous_9)","line":143,"loc":{"start":{"line":143,"column":45},"end":{"line":143,"column":62}},"skip":true},"10":{"name":"(anonymous_10)","line":144,"loc":{"start":{"line":144,"column":73},"end":{"line":144,"column":92}},"skip":true},"11":{"name":"(anonymous_11)","line":272,"loc":{"start":{"line":272,"column":51},"end":{"line":272,"column":77}},"skip":true},"12":{"name":"(anonymous_12)","line":315,"loc":{"start":{"line":315,"column":32},"end":{"line":315,"column":61}},"skip":true}},"statementMap":{"1":{"start":{"line":26,"column":0},"end":{"line":326,"column":5}},"2":{"start":{"line":28,"column":4},"end":{"line":28,"column":14}},"3":{"start":{"line":33,"column":4},"end":{"line":60,"column":9}},"4":{"start":{"line":35,"column":8},"end":{"line":35,"column":19}},"5":{"start":{"line":37,"column":8},"end":{"line":49,"column":13}},"6":{"start":{"line":38,"column":12},"end":{"line":48,"column":13}},"7":{"start":{"line":39,"column":16},"end":{"line":42,"column":30}},"8":{"start":{"line":44,"column":16},"end":{"line":47,"column":27}},"9":{"start":{"line":51,"column":8},"end":{"line":53,"column":21}},"10":{"start":{"line":55,"column":8},"end":{"line":57,"column":45}},"11":{"start":{"line":59,"column":8},"end":{"line":59,"column":35}},"12":{"start":{"line":61,"column":4},"end":{"line":325,"column":5}},"13":{"start":{"line":69,"column":8},"end":{"line":121,"column":10},"skip":true},"14":{"start":{"line":70,"column":12},"end":{"line":88,"column":13},"skip":true},"15":{"start":{"line":76,"column":16},"end":{"line":87,"column":19},"skip":true},"16":{"start":{"line":79,"column":20},"end":{"line":86,"column":21},"skip":true},"17":{"start":{"line":82,"column":24},"end":{"line":82,"column":43},"skip":true},"18":{"start":{"line":83,"column":24},"end":{"line":83,"column":30},"skip":true},"19":{"start":{"line":85,"column":24},"end":{"line":85,"column":49},"skip":true},"20":{"start":{"line":89,"column":12},"end":{"line":107,"column":13},"skip":true},"21":{"start":{"line":92,"column":16},"end":{"line":102,"column":17},"skip":true},"22":{"start":{"line":93,"column":20},"end":{"line":93,"column":86},"skip":true},"23":{"start":{"line":94,"column":20},"end":{"line":95,"column":45},"skip":true},"24":{"start":{"line":96,"column":20},"end":{"line":96,"column":42},"skip":true},"25":{"start":{"line":97,"column":20},"end":{"line":97,"column":48},"skip":true},"26":{"start":{"line":100,"column":20},"end":{"line":100,"column":85},"skip":true},"27":{"start":{"line":101,"column":20},"end":{"line":101,"column":96},"skip":true},"28":{"start":{"line":103,"column":16},"end":{"line":103,"column":22},"skip":true},"29":{"start":{"line":106,"column":16},"end":{"line":106,"column":22},"skip":true},"30":{"start":{"line":108,"column":12},"end":{"line":120,"column":13},"skip":true},"31":{"start":{"line":114,"column":16},"end":{"line":119,"column":17},"skip":true},"32":{"start":{"line":116,"column":20},"end":{"line":116,"column":78},"skip":true},"33":{"start":{"line":118,"column":20},"end":{"line":118,"column":47},"skip":true},"34":{"start":{"line":123,"column":8},"end":{"line":141,"column":11},"skip":true},"35":{"start":{"line":124,"column":12},"end":{"line":124,"column":54},"skip":true},"36":{"start":{"line":125,"column":12},"end":{"line":140,"column":14},"skip":true},"37":{"start":{"line":126,"column":16},"end":{"line":126,"column":28},"skip":true},"38":{"start":{"line":127,"column":16},"end":{"line":127,"column":69},"skip":true},"39":{"start":{"line":128,"column":16},"end":{"line":128,"column":75},"skip":true},"40":{"start":{"line":129,"column":16},"end":{"line":131,"column":17},"skip":true},"41":{"start":{"line":130,"column":20},"end":{"line":130,"column":27},"skip":true},"42":{"start":{"line":133,"column":16},"end":{"line":137,"column":36},"skip":true},"43":{"start":{"line":134,"column":20},"end":{"line":136,"column":55},"skip":true},"44":{"start":{"line":139,"column":16},"end":{"line":139,"column":57},"skip":true},"45":{"start":{"line":143,"column":8},"end":{"line":147,"column":11},"skip":true},"46":{"start":{"line":144,"column":12},"end":{"line":146,"column":15},"skip":true},"47":{"start":{"line":145,"column":16},"end":{"line":145,"column":70},"skip":true},"48":{"start":{"line":149,"column":8},"end":{"line":149,"column":31},"skip":true},"49":{"start":{"line":150,"column":8},"end":{"line":150,"column":14},"skip":true},"50":{"start":{"line":158,"column":8},"end":{"line":158,"column":31},"skip":true},"51":{"start":{"line":160,"column":8},"end":{"line":160,"column":33},"skip":true},"52":{"start":{"line":161,"column":8},"end":{"line":161,"column":37},"skip":true},"53":{"start":{"line":162,"column":8},"end":{"line":162,"column":35},"skip":true},"54":{"start":{"line":164,"column":8},"end":{"line":164,"column":50},"skip":true},"55":{"start":{"line":166,"column":8},"end":{"line":256,"column":2},"skip":true},"56":{"start":{"line":258,"column":8},"end":{"line":286,"column":9},"skip":true},"57":{"start":{"line":259,"column":12},"end":{"line":269,"column":14},"skip":true},"58":{"start":{"line":271,"column":12},"end":{"line":285,"column":19},"skip":true},"59":{"start":{"line":274,"column":20},"end":{"line":274,"column":35},"skip":true},"60":{"start":{"line":275,"column":20},"end":{"line":284,"column":21},"skip":true},"61":{"start":{"line":277,"column":24},"end":{"line":277,"column":64},"skip":true},"62":{"start":{"line":279,"column":24},"end":{"line":279,"column":40},"skip":true},"63":{"start":{"line":281,"column":24},"end":{"line":281,"column":40},"skip":true},"64":{"start":{"line":283,"column":24},"end":{"line":283,"column":39},"skip":true},"65":{"start":{"line":288,"column":8},"end":{"line":290,"column":9},"skip":true},"66":{"start":{"line":289,"column":12},"end":{"line":289,"column":18},"skip":true},"67":{"start":{"line":291,"column":8},"end":{"line":293,"column":54},"skip":true},"68":{"start":{"line":296,"column":8},"end":{"line":301,"column":37},"skip":true},"69":{"start":{"line":303,"column":8},"end":{"line":303,"column":82},"skip":true},"70":{"start":{"line":306,"column":8},"end":{"line":308,"column":9},"skip":true},"71":{"start":{"line":307,"column":12},"end":{"line":307,"column":82},"skip":true},"72":{"start":{"line":310,"column":8},"end":{"line":312,"column":9},"skip":true},"73":{"start":{"line":311,"column":12},"end":{"line":311,"column":18},"skip":true},"74":{"start":{"line":313,"column":8},"end":{"line":313,"column":54},"skip":true},"75":{"start":{"line":314,"column":8},"end":{"line":314,"column":69},"skip":true},"76":{"start":{"line":315,"column":8},"end":{"line":323,"column":36},"skip":true},"77":{"start":{"line":316,"column":12},"end":{"line":316,"column":61},"skip":true},"78":{"start":{"line":317,"column":12},"end":{"line":320,"column":13},"skip":true},"79":{"start":{"line":318,"column":16},"end":{"line":318,"column":75},"skip":true},"80":{"start":{"line":319,"column":16},"end":{"line":319,"column":23},"skip":true},"81":{"start":{"line":321,"column":12},"end":{"line":321,"column":38},"skip":true},"82":{"start":{"line":322,"column":12},"end":{"line":322,"column":27},"skip":true},"83":{"start":{"line":324,"column":8},"end":{"line":324,"column":14},"skip":true}},"branchMap":{"1":{"line":39,"type":"binary-expr","locations":[{"start":{"line":39,"column":23},"end":{"line":39,"column":62}},{"start":{"line":40,"column":20},"end":{"line":40,"column":70}},{"start":{"line":41,"column":20},"end":{"line":41,"column":71}},{"start":{"line":42,"column":20},"end":{"line":42,"column":29}}]},"2":{"line":44,"type":"binary-expr","locations":[{"start":{"line":44,"column":23},"end":{"line":44,"column":37}},{"start":{"line":45,"column":20},"end":{"line":45,"column":61}},{"start":{"line":46,"column":20},"end":{"line":46,"column":70}},{"start":{"line":47,"column":20},"end":{"line":47,"column":26}}]},"3":{"line":51,"type":"cond-expr","locations":[{"start":{"line":52,"column":14},"end":{"line":52,"column":20}},{"start":{"line":53,"column":14},"end":{"line":53,"column":20}}]},"4":{"line":55,"type":"binary-expr","locations":[{"start":{"line":55,"column":16},"end":{"line":55,"column":44}},{"start":{"line":55,"column":49},"end":{"line":57,"column":43}}]},"5":{"line":55,"type":"cond-expr","locations":[{"start":{"line":56,"column":14},"end":{"line":56,"column":54}},{"start":{"line":57,"column":14},"end":{"line":57,"column":43}}]},"6":{"line":61,"type":"switch","locations":[{"start":{"line":68,"column":4},"end":{"line":150,"column":14},"skip":true},{"start":{"line":156,"column":4},"end":{"line":324,"column":14},"skip":true}]},"7":{"line":70,"type":"if","locations":[{"start":{"line":70,"column":12},"end":{"line":70,"column":12},"skip":true},{"start":{"line":70,"column":12},"end":{"line":70,"column":12},"skip":true}]},"8":{"line":70,"type":"binary-expr","locations":[{"start":{"line":70,"column":16},"end":{"line":70,"column":22},"skip":true},{"start":{"line":70,"column":27},"end":{"line":70,"column":32},"skip":true},{"start":{"line":71,"column":20},"end":{"line":71,"column":39},"skip":true},{"start":{"line":72,"column":20},"end":{"line":72,"column":49},"skip":true},{"start":{"line":73,"column":20},"end":{"line":73,"column":58},"skip":true},{"start":{"line":74,"column":20},"end":{"line":74,"column":69},"skip":true}]},"9":{"line":79,"type":"switch","locations":[{"start":{"line":80,"column":20},"end":{"line":80,"column":33},"skip":true},{"start":{"line":81,"column":20},"end":{"line":83,"column":30},"skip":true},{"start":{"line":84,"column":20},"end":{"line":85,"column":49},"skip":true}]},"10":{"line":89,"type":"switch","locations":[{"start":{"line":90,"column":12},"end":{"line":103,"column":22},"skip":true},{"start":{"line":105,"column":12},"end":{"line":106,"column":22},"skip":true}]},"11":{"line":89,"type":"binary-expr","locations":[{"start":{"line":89,"column":20},"end":{"line":89,"column":25},"skip":true},{"start":{"line":89,"column":29},"end":{"line":89,"column":48},"skip":true},{"start":{"line":89,"column":52},"end":{"line":89,"column":74},"skip":true}]},"12":{"line":92,"type":"if","locations":[{"start":{"line":92,"column":16},"end":{"line":92,"column":16},"skip":true},{"start":{"line":92,"column":16},"end":{"line":92,"column":16},"skip":true}]},"13":{"line":108,"type":"if","locations":[{"start":{"line":108,"column":12},"end":{"line":108,"column":12},"skip":true},{"start":{"line":108,"column":12},"end":{"line":108,"column":12},"skip":true}]},"14":{"line":108,"type":"binary-expr","locations":[{"start":{"line":108,"column":16},"end":{"line":108,"column":61},"skip":true},{"start":{"line":108,"column":66},"end":{"line":108,"column":72},"skip":true},{"start":{"line":108,"column":77},"end":{"line":108,"column":82},"skip":true},{"start":{"line":109,"column":20},"end":{"line":109,"column":39},"skip":true},{"start":{"line":110,"column":20},"end":{"line":110,"column":49},"skip":true},{"start":{"line":111,"column":20},"end":{"line":111,"column":58},"skip":true},{"start":{"line":112,"column":20},"end":{"line":112,"column":68},"skip":true}]},"15":{"line":129,"type":"if","locations":[{"start":{"line":129,"column":16},"end":{"line":129,"column":16},"skip":true},{"start":{"line":129,"column":16},"end":{"line":129,"column":16},"skip":true}]},"16":{"line":134,"type":"cond-expr","locations":[{"start":{"line":135,"column":26},"end":{"line":135,"column":29},"skip":true},{"start":{"line":136,"column":26},"end":{"line":136,"column":54},"skip":true}]},"17":{"line":164,"type":"binary-expr","locations":[{"start":{"line":164,"column":27},"end":{"line":164,"column":43},"skip":true},{"start":{"line":164,"column":47},"end":{"line":164,"column":49},"skip":true}]},"18":{"line":258,"type":"if","locations":[{"start":{"line":258,"column":8},"end":{"line":258,"column":8},"skip":true},{"start":{"line":258,"column":8},"end":{"line":258,"column":8},"skip":true}]},"19":{"line":275,"type":"switch","locations":[{"start":{"line":276,"column":20},"end":{"line":277,"column":64},"skip":true},{"start":{"line":278,"column":20},"end":{"line":279,"column":40},"skip":true},{"start":{"line":280,"column":20},"end":{"line":281,"column":40},"skip":true},{"start":{"line":282,"column":20},"end":{"line":283,"column":39},"skip":true}]},"20":{"line":288,"type":"if","locations":[{"start":{"line":288,"column":8},"end":{"line":288,"column":8},"skip":true},{"start":{"line":288,"column":8},"end":{"line":288,"column":8},"skip":true}]},"21":{"line":288,"type":"binary-expr","locations":[{"start":{"line":288,"column":12},"end":{"line":288,"column":40},"skip":true},{"start":{"line":288,"column":44},"end":{"line":288,"column":67},"skip":true}]},"22":{"line":292,"type":"binary-expr","locations":[{"start":{"line":292,"column":12},"end":{"line":292,"column":50},"skip":true},{"start":{"line":293,"column":12},"end":{"line":293,"column":53},"skip":true}]},"23":{"line":297,"type":"binary-expr","locations":[{"start":{"line":297,"column":12},"end":{"line":297,"column":68},"skip":true},{"start":{"line":298,"column":12},"end":{"line":301,"column":36},"skip":true}]},"24":{"line":303,"type":"binary-expr","locations":[{"start":{"line":303,"column":43},"end":{"line":303,"column":75},"skip":true},{"start":{"line":303,"column":79},"end":{"line":303,"column":81},"skip":true}]},"25":{"line":306,"type":"if","locations":[{"start":{"line":306,"column":8},"end":{"line":306,"column":8},"skip":true},{"start":{"line":306,"column":8},"end":{"line":306,"column":8},"skip":true}]},"26":{"line":310,"type":"if","locations":[{"start":{"line":310,"column":8},"end":{"line":310,"column":8},"skip":true},{"start":{"line":310,"column":8},"end":{"line":310,"column":8},"skip":true}]},"27":{"line":313,"type":"binary-expr","locations":[{"start":{"line":313,"column":27},"end":{"line":313,"column":43},"skip":true},{"start":{"line":313,"column":47},"end":{"line":313,"column":53},"skip":true}]},"28":{"line":317,"type":"if","locations":[{"start":{"line":317,"column":12},"end":{"line":317,"column":12},"skip":true},{"start":{"line":317,"column":12},"end":{"line":317,"column":12},"skip":true}]}},"code":["/*","example.js","","quickstart example","","instruction","    1. save this script as example.js","    2. run the shell command:","        $ npm install npmtest-jsonschema && PORT=8081 node example.js","    3. play with the browser-demo on http://127.0.0.1:8081","*/","","","","/* istanbul instrument in package npmtest_jsonschema */","/*jslint","    bitwise: true,","    browser: true,","    maxerr: 8,","    maxlen: 96,","    node: true,","    nomen: true,","    regexp: true,","    stupid: true","*/","(function () {","    'use strict';","    var local;","","","","    // run shared js-env code - pre-init","    (function () {","        // init local","        local = {};","        // init modeJs","        local.modeJs = (function () {","            try {","                return typeof navigator.userAgent === 'string' &&","                    typeof document.querySelector('body') === 'object' &&","                    typeof XMLHttpRequest.prototype.open === 'function' &&","                    'browser';","            } catch (errorCaughtBrowser) {","                return module.exports &&","                    typeof process.versions.node === 'string' &&","                    typeof require('http').createServer === 'function' &&","                    'node';","            }","        }());","        // init global","        local.global = local.modeJs === 'browser'","            ? window","            : global;","        // init utility2_rollup","        local = local.global.utility2_rollup || (local.modeJs === 'browser'","            ? local.global.utility2_npmtest_jsonschema","            : global.utility2_moduleExports);","        // export local","        local.global.local = local;","    }());","    switch (local.modeJs) {","","","","    // post-init","    // run browser js-env code - post-init","    /* istanbul ignore next */","    case 'browser':","        local.testRunBrowser = function (event) {","            if (!event || (event &&","                    event.currentTarget &&","                    event.currentTarget.className &&","                    event.currentTarget.className.includes &&","                    event.currentTarget.className.includes('onreset'))) {","                // reset output","                Array.from(","                    document.querySelectorAll('body > .resettable')","                ).forEach(function (element) {","                    switch (element.tagName) {","                    case 'INPUT':","                    case 'TEXTAREA':","                        element.value = '';","                        break;","                    default:","                        element.textContent = '';","                    }","                });","            }","            switch (event && event.currentTarget && event.currentTarget.id) {","            case 'testRunButton1':","                // show tests","                if (document.querySelector('#testReportDiv1').style.display === 'none') {","                    document.querySelector('#testReportDiv1').style.display = 'block';","                    document.querySelector('#testRunButton1').textContent =","                        'hide internal test';","                    local.modeTest = true;","                    local.testRunDefault(local);","                // hide tests","                } else {","                    document.querySelector('#testReportDiv1').style.display = 'none';","                    document.querySelector('#testRunButton1').textContent = 'run internal test';","                }","                break;","            // custom-case","            default:","                break;","            }","            if (document.querySelector('#inputTextareaEval1') && (!event || (event &&","                    event.currentTarget &&","                    event.currentTarget.className &&","                    event.currentTarget.className.includes &&","                    event.currentTarget.className.includes('oneval')))) {","                // try to eval input-code","                try {","                    /*jslint evil: true*/","                    eval(document.querySelector('#inputTextareaEval1').value);","                } catch (errorCaught) {","                    console.error(errorCaught);","                }","            }","        };","        // log stderr and stdout to #outputTextareaStdout1","        ['error', 'log'].forEach(function (key) {","            console[key + '_original'] = console[key];","            console[key] = function () {","                var element;","                console[key + '_original'].apply(console, arguments);","                element = document.querySelector('#outputTextareaStdout1');","                if (!element) {","                    return;","                }","                // append text to #outputTextareaStdout1","                element.value += Array.from(arguments).map(function (arg) {","                    return typeof arg === 'string'","                        ? arg","                        : JSON.stringify(arg, null, 4);","                }).join(' ') + '\\n';","                // scroll textarea to bottom","                element.scrollTop = element.scrollHeight;","            };","        });","        // init event-handling","        ['change', 'click', 'keyup'].forEach(function (event) {","            Array.from(document.querySelectorAll('.on' + event)).forEach(function (element) {","                element.addEventListener(event, local.testRunBrowser);","            });","        });","        // run tests","        local.testRunBrowser();","        break;","","","","    // run node js-env code - post-init","    /* istanbul ignore next */","    case 'node':","        // export local","        module.exports = local;","        // require modules","        local.fs = require('fs');","        local.http = require('http');","        local.url = require('url');","        // init assets","        local.assetsDict = local.assetsDict || {};","        /* jslint-ignore-begin */","        local.assetsDict['/assets.index.template.html'] = '\\","<!doctype html>\\n\\","<html lang=\"en\">\\n\\","<head>\\n\\","<meta charset=\"UTF-8\">\\n\\","<meta name=\"viewport\" content=\"width=device-width, initial-scale=1\">\\n\\","<title>{{env.npm_package_name}} (v{{env.npm_package_version}})</title>\\n\\","<style>\\n\\","/*csslint\\n\\","    box-sizing: false,\\n\\","    universal-selector: false\\n\\","*/\\n\\","* {\\n\\","    box-sizing: border-box;\\n\\","}\\n\\","body {\\n\\","    background: #dde;\\n\\","    font-family: Arial, Helvetica, sans-serif;\\n\\","    margin: 2rem;\\n\\","}\\n\\","body > * {\\n\\","    margin-bottom: 1rem;\\n\\","}\\n\\",".utility2FooterDiv {\\n\\","    margin-top: 20px;\\n\\","    text-align: center;\\n\\","}\\n\\","</style>\\n\\","<style>\\n\\","/*csslint\\n\\","*/\\n\\","textarea {\\n\\","    font-family: monospace;\\n\\","    height: 10rem;\\n\\","    width: 100%;\\n\\","}\\n\\","textarea[readonly] {\\n\\","    background: #ddd;\\n\\","}\\n\\","</style>\\n\\","</head>\\n\\","<body>\\n\\","<!-- utility2-comment\\n\\","<div id=\"ajaxProgressDiv1\" style=\"background: #d00; height: 2px; left: 0; margin: 0; padding: 0; position: fixed; top: 0; transition: background 0.5s, width 1.5s; width: 25%;\"></div>\\n\\","utility2-comment -->\\n\\","<h1>\\n\\","<!-- utility2-comment\\n\\","    <a\\n\\","        {{#if env.npm_package_homepage}}\\n\\","        href=\"{{env.npm_package_homepage}}\"\\n\\","        {{/if env.npm_package_homepage}}\\n\\","        target=\"_blank\"\\n\\","    >\\n\\","utility2-comment -->\\n\\","        {{env.npm_package_name}} (v{{env.npm_package_version}})\\n\\","<!-- utility2-comment\\n\\","    </a>\\n\\","utility2-comment -->\\n\\","</h1>\\n\\","<h3>{{env.npm_package_description}}</h3>\\n\\","<!-- utility2-comment\\n\\","<h4><a download href=\"assets.app.js\">download standalone app</a></h4>\\n\\","<button class=\"onclick onreset\" id=\"testRunButton1\">run internal test</button><br>\\n\\","<div id=\"testReportDiv1\" style=\"display: none;\"></div>\\n\\","utility2-comment -->\\n\\","\\n\\","\\n\\","\\n\\","<label>stderr and stdout</label>\\n\\","<textarea class=\"resettable\" id=\"outputTextareaStdout1\" readonly></textarea>\\n\\","<!-- utility2-comment\\n\\","{{#if isRollup}}\\n\\","<script src=\"assets.app.js\"></script>\\n\\","{{#unless isRollup}}\\n\\","utility2-comment -->\\n\\","<script src=\"assets.utility2.rollup.js\"></script>\\n\\","<script src=\"jsonp.utility2._stateInit?callback=window.utility2._stateInit\"></script>\\n\\","<script src=\"assets.npmtest_jsonschema.rollup.js\"></script>\\n\\","<script src=\"assets.example.js\"></script>\\n\\","<script src=\"assets.test.js\"></script>\\n\\","<!-- utility2-comment\\n\\","{{/if isRollup}}\\n\\","utility2-comment -->\\n\\","<div class=\"utility2FooterDiv\">\\n\\","    [ this app was created with\\n\\","    <a href=\"https://github.com/kaizhu256/node-utility2\" target=\"_blank\">utility2</a>\\n\\","    ]\\n\\","</div>\\n\\","</body>\\n\\","</html>\\n\\","';","        /* jslint-ignore-end */","        if (local.templateRender) {","            local.assetsDict['/'] = local.templateRender(","                local.assetsDict['/assets.index.template.html'],","                {","                    env: local.objectSetDefault(local.env, {","                        npm_package_description: 'the greatest app in the world!',","                        npm_package_name: 'my-app',","                        npm_package_nameAlias: 'my_app',","                        npm_package_version: '0.0.1'","                    })","                }","            );","        } else {","            local.assetsDict['/'] = local.assetsDict['/assets.index.template.html']","                .replace((/\\{\\{env\\.(\\w+?)\\}\\}/g), function (match0, match1) {","                    // jslint-hack","                    String(match0);","                    switch (match1) {","                    case 'npm_package_description':","                        return 'the greatest app in the world!';","                    case 'npm_package_name':","                        return 'my-app';","                    case 'npm_package_nameAlias':","                        return 'my_app';","                    case 'npm_package_version':","                        return '0.0.1';","                    }","                });","        }","        // run the cli","        if (local.global.utility2_rollup || module !== require.main) {","            break;","        }","        local.assetsDict['/assets.example.js'] =","            local.assetsDict['/assets.example.js'] ||","            local.fs.readFileSync(__filename, 'utf8');","        // bug-workaround - long $npm_package_buildCustomOrg","        /* jslint-ignore-begin */","        local.assetsDict['/assets.npmtest_jsonschema.rollup.js'] =","            local.assetsDict['/assets.npmtest_jsonschema.rollup.js'] ||","            local.fs.readFileSync(","                local.npmtest_jsonschema.__dirname + '/lib.npmtest_jsonschema.js',","                'utf8'","            ).replace((/^#!/), '//');","        /* jslint-ignore-end */","        local.assetsDict['/favicon.ico'] = local.assetsDict['/favicon.ico'] || '';","        // if $npm_config_timeout_exit exists,","        // then exit this process after $npm_config_timeout_exit ms","        if (Number(process.env.npm_config_timeout_exit)) {","            setTimeout(process.exit, Number(process.env.npm_config_timeout_exit));","        }","        // start server","        if (local.global.utility2_serverHttp1) {","            break;","        }","        process.env.PORT = process.env.PORT || '8081';","        console.error('server starting on port ' + process.env.PORT);","        local.http.createServer(function (request, response) {","            request.urlParsed = local.url.parse(request.url);","            if (local.assetsDict[request.urlParsed.pathname] !== undefined) {","                response.end(local.assetsDict[request.urlParsed.pathname]);","                return;","            }","            response.statusCode = 404;","            response.end();","        }).listen(process.env.PORT);","        break;","    }","}());",""],"l":{"26":2,"28":2,"33":2,"35":2,"37":2,"38":2,"39":2,"44":1,"51":2,"55":2,"59":2,"61":2,"69":1,"70":2,"76":2,"79":2,"82":2,"83":2,"85":1,"89":2,"92":1,"93":1,"94":1,"96":1,"97":1,"100":1,"101":1,"103":1,"106":1,"108":2,"114":1,"116":1,"118":1,"123":1,"124":2,"125":2,"126":3,"127":3,"128":3,"129":3,"130":1,"133":3,"134":3,"139":3,"143":1,"144":3,"145":1,"149":1,"150":1,"158":1,"160":1,"161":1,"162":1,"164":1,"166":1,"258":1,"259":1,"271":1,"274":6,"275":6,"277":1,"279":2,"281":1,"283":2,"288":1,"289":1,"291":1,"296":1,"303":1,"306":1,"307":1,"310":1,"311":1,"313":1,"314":1,"315":1,"316":1,"317":1,"318":1,"319":1,"321":1,"322":1,"324":1}},"/home/travis/build/npmtest/node-npmtest-jsonschema/node_modules/jsonschema/lib/index.js":{"path":"/home/travis/build/npmtest/node-npmtest-jsonschema/node_modules/jsonschema/lib/index.js","s":{"1":1,"2":1,"3":1,"4":1,"5":1,"6":0,"7":0},"b":{},"f":{"1":0},"fnMap":{"1":{"name":"(anonymous_1)","line":9,"loc":{"start":{"line":9,"column":26},"end":{"line":9,"column":63}}}},"statementMap":{"1":{"start":{"line":3,"column":0},"end":{"line":3,"column":66}},"2":{"start":{"line":5,"column":0},"end":{"line":5,"column":70}},"3":{"start":{"line":6,"column":0},"end":{"line":6,"column":70}},"4":{"start":{"line":7,"column":0},"end":{"line":7,"column":62}},"5":{"start":{"line":9,"column":0},"end":{"line":12,"column":2}},"6":{"start":{"line":10,"column":2},"end":{"line":10,"column":26}},"7":{"start":{"line":11,"column":2},"end":{"line":11,"column":47}}},"branchMap":{},"code":["'use strict';","","var Validator = module.exports.Validator = require('./validator');","","module.exports.ValidatorResult = require('./helpers').ValidatorResult;","module.exports.ValidationError = require('./helpers').ValidationError;","module.exports.SchemaError = require('./helpers').SchemaError;","","module.exports.validate = function (instance, schema, options) {","  var v = new Validator();","  return v.validate(instance, schema, options);","};",""],"l":{"3":1,"5":1,"6":1,"7":1,"9":1,"10":0,"11":0}},"/home/travis/build/npmtest/node-npmtest-jsonschema/node_modules/jsonschema/lib/validator.js":{"path":"/home/travis/build/npmtest/node-npmtest-jsonschema/node_modules/jsonschema/lib/validator.js","s":{"1":1,"2":1,"3":1,"4":1,"5":1,"6":1,"7":1,"8":0,"9":0,"10":0,"11":0,"12":0,"13":1,"14":1,"15":1,"16":1,"17":1,"18":1,"19":0,"20":0,"21":0,"22":0,"23":0,"24":0,"25":0,"26":1,"27":0,"28":0,"29":0,"30":0,"31":0,"32":0,"33":0,"34":0,"35":0,"36":0,"37":0,"38":0,"39":0,"40":0,"41":0,"42":0,"43":0,"44":0,"45":0,"46":0,"47":0,"48":0,"49":0,"50":0,"51":0,"52":0,"53":0,"54":0,"55":0,"56":0,"57":0,"58":0,"59":1,"60":0,"61":0,"62":0,"63":0,"64":1,"65":0,"66":0,"67":0,"68":0,"69":1,"70":0,"71":1,"72":0,"73":1,"74":0,"75":0,"76":0,"77":0,"78":0,"79":0,"80":0,"81":0,"82":0,"83":0,"84":0,"85":0,"86":0,"87":0,"88":1,"89":0,"90":0,"91":0,"92":0,"93":1,"94":0,"95":0,"96":0,"97":0,"98":0,"99":0,"100":0,"101":0,"102":0,"103":0,"104":0,"105":0,"106":0,"107":0,"108":0,"109":0,"110":0,"111":0,"112":0,"113":0,"114":0,"115":0,"116":0,"117":0,"118":0,"119":0,"120":0,"121":0,"122":0,"123":0,"124":0,"125":0,"126":1,"127":0,"128":1,"129":0,"130":0,"131":0,"132":0,"133":1,"134":0,"135":0,"136":0,"137":0,"138":0,"139":0,"140":0,"141":0,"142":0,"143":0,"144":0,"145":0,"146":1,"147":0,"148":0,"149":0,"150":0,"151":0,"152":0,"153":1,"154":1,"155":0,"156":1,"157":0,"158":1,"159":0,"160":1,"161":0,"162":1,"163":0,"164":1,"165":0,"166":1,"167":0,"168":1,"169":0,"170":1,"171":0,"172":1},"b":{"1":[0,0],"2":[0,0],"3":[0,0],"4":[0,0],"5":[0,0],"6":[0,0],"7":[0,0],"8":[0,0],"9":[0,0],"10":[0,0],"11":[0,0],"12":[0,0],"13":[0,0],"14":[0,0],"15":[0,0],"16":[0,0],"17":[0,0],"18":[0,0],"19":[0,0],"20":[0,0],"21":[0,0],"22":[0,0],"23":[0,0],"24":[0,0],"25":[0,0],"26":[0,0],"27":[0,0],"28":[0,0],"29":[0,0],"30":[0,0],"31":[0,0],"32":[0,0,0],"33":[0,0],"34":[0,0],"35":[0,0],"36":[0,0],"37":[0,0],"38":[0,0],"39":[0,0],"40":[0,0],"41":[0,0],"42":[0,0,0],"43":[0,0],"44":[0,0],"45":[0,0],"46":[0,0],"47":[0,0],"48":[0,0],"49":[0,0],"50":[0,0],"51":[0,0],"52":[0,0],"53":[0,0,0,0]},"f":{"1":0,"2":0,"3":0,"4":0,"5":0,"6":0,"7":0,"8":0,"9":0,"10":0,"11":0,"12":0,"13":0,"14":0,"15":0,"16":0,"17":0,"18":0,"19":0,"20":0,"21":0,"22":0,"23":0},"fnMap":{"1":{"name":"Validator","line":16,"loc":{"start":{"line":16,"column":16},"end":{"line":16,"column":38}}},"2":{"name":"addSchema","line":43,"loc":{"start":{"line":43,"column":32},"end":{"line":43,"column":65}}},"3":{"name":"addSubSchema","line":55,"loc":{"start":{"line":55,"column":35},"end":{"line":55,"column":74}}},"4":{"name":"addSubSchemaArray","line":96,"loc":{"start":{"line":96,"column":40},"end":{"line":96,"column":85}}},"5":{"name":"addSubSchemaArray","line":103,"loc":{"start":{"line":103,"column":41},"end":{"line":103,"column":86}}},"6":{"name":"setSchemas","line":116,"loc":{"start":{"line":116,"column":33},"end":{"line":116,"column":63}}},"7":{"name":"getSchema","line":124,"loc":{"start":{"line":124,"column":32},"end":{"line":124,"column":57}}},"8":{"name":"validate","line":136,"loc":{"start":{"line":136,"column":31},"end":{"line":136,"column":82}}},"9":{"name":"shouldResolve","line":163,"loc":{"start":{"line":163,"column":0},"end":{"line":163,"column":31}}},"10":{"name":"validateSchema","line":178,"loc":{"start":{"line":178,"column":37},"end":{"line":178,"column":94}}},"11":{"name":"schemaTraverser","line":235,"loc":{"start":{"line":235,"column":38},"end":{"line":235,"column":78}}},"12":{"name":"superResolve","line":245,"loc":{"start":{"line":245,"column":35},"end":{"line":245,"column":71}}},"13":{"name":"resolve","line":261,"loc":{"start":{"line":261,"column":30},"end":{"line":261,"column":75}}},"14":{"name":"validateType","line":291,"loc":{"start":{"line":291,"column":31},"end":{"line":291,"column":92}}},"15":{"name":"testString","line":304,"loc":{"start":{"line":304,"column":15},"end":{"line":304,"column":46}}},"16":{"name":"testNumber","line":307,"loc":{"start":{"line":307,"column":15},"end":{"line":307,"column":46}}},"17":{"name":"testInteger","line":311,"loc":{"start":{"line":311,"column":16},"end":{"line":311,"column":48}}},"18":{"name":"testBoolean","line":314,"loc":{"start":{"line":314,"column":16},"end":{"line":314,"column":48}}},"19":{"name":"testArray","line":317,"loc":{"start":{"line":317,"column":14},"end":{"line":317,"column":44}}},"20":{"name":"testNull","line":320,"loc":{"start":{"line":320,"column":16},"end":{"line":320,"column":45}}},"21":{"name":"testDate","line":323,"loc":{"start":{"line":323,"column":13},"end":{"line":323,"column":42}}},"22":{"name":"testAny","line":326,"loc":{"start":{"line":326,"column":12},"end":{"line":326,"column":40}}},"23":{"name":"testObject","line":329,"loc":{"start":{"line":329,"column":15},"end":{"line":329,"column":46}}}},"statementMap":{"1":{"start":{"line":3,"column":0},"end":{"line":3,"column":28}},"2":{"start":{"line":5,"column":0},"end":{"line":5,"column":39}},"3":{"start":{"line":6,"column":0},"end":{"line":6,"column":35}},"4":{"start":{"line":7,"column":0},"end":{"line":7,"column":46}},"5":{"start":{"line":8,"column":0},"end":{"line":8,"column":38}},"6":{"start":{"line":9,"column":0},"end":{"line":9,"column":42}},"7":{"start":{"line":16,"column":0},"end":{"line":26,"column":2}},"8":{"start":{"line":19,"column":2},"end":{"line":19,"column":72}},"9":{"start":{"line":20,"column":2},"end":{"line":20,"column":20}},"10":{"start":{"line":21,"column":2},"end":{"line":21,"column":27}},"11":{"start":{"line":24,"column":2},"end":{"line":24,"column":36}},"12":{"start":{"line":25,"column":2},"end":{"line":25,"column":56}},"13":{"start":{"line":29,"column":0},"end":{"line":29,"column":39}},"14":{"start":{"line":32,"column":0},"end":{"line":32,"column":35}},"15":{"start":{"line":33,"column":0},"end":{"line":33,"column":33}},"16":{"start":{"line":34,"column":0},"end":{"line":34,"column":38}},"17":{"start":{"line":35,"column":0},"end":{"line":35,"column":42}},"18":{"start":{"line":43,"column":0},"end":{"line":53,"column":2}},"19":{"start":{"line":44,"column":2},"end":{"line":46,"column":3}},"20":{"start":{"line":45,"column":4},"end":{"line":45,"column":16}},"21":{"start":{"line":47,"column":2},"end":{"line":47,"column":32}},"22":{"start":{"line":48,"column":2},"end":{"line":48,"column":36}},"23":{"start":{"line":49,"column":2},"end":{"line":51,"column":3}},"24":{"start":{"line":50,"column":4},"end":{"line":50,"column":34}},"25":{"start":{"line":52,"column":2},"end":{"line":52,"column":30}},"26":{"start":{"line":55,"column":0},"end":{"line":94,"column":2}},"27":{"start":{"line":56,"column":2},"end":{"line":56,"column":48}},"28":{"start":{"line":56,"column":41},"end":{"line":56,"column":48}},"29":{"start":{"line":58,"column":2},"end":{"line":66,"column":3}},"30":{"start":{"line":59,"column":4},"end":{"line":59,"column":59}},"31":{"start":{"line":61,"column":4},"end":{"line":64,"column":5}},"32":{"start":{"line":62,"column":6},"end":{"line":62,"column":39}},"33":{"start":{"line":63,"column":6},"end":{"line":63,"column":44}},"34":{"start":{"line":65,"column":4},"end":{"line":65,"column":11}},"35":{"start":{"line":67,"column":2},"end":{"line":67,"column":63}},"36":{"start":{"line":68,"column":2},"end":{"line":68,"column":34}},"37":{"start":{"line":69,"column":2},"end":{"line":79,"column":3}},"38":{"start":{"line":70,"column":4},"end":{"line":75,"column":5}},"39":{"start":{"line":71,"column":6},"end":{"line":73,"column":7}},"40":{"start":{"line":72,"column":8},"end":{"line":72,"column":88}},"41":{"start":{"line":74,"column":6},"end":{"line":74,"column":34}},"42":{"start":{"line":76,"column":4},"end":{"line":76,"column":34}},"43":{"start":{"line":77,"column":4},"end":{"line":77,"column":57}},"44":{"start":{"line":78,"column":4},"end":{"line":78,"column":39}},"45":{"start":{"line":80,"column":2},"end":{"line":80,"column":97}},"46":{"start":{"line":81,"column":2},"end":{"line":81,"column":103}},"47":{"start":{"line":82,"column":2},"end":{"line":82,"column":53}},"48":{"start":{"line":83,"column":2},"end":{"line":83,"column":54}},"49":{"start":{"line":84,"column":2},"end":{"line":84,"column":58}},"50":{"start":{"line":85,"column":2},"end":{"line":85,"column":55}},"51":{"start":{"line":86,"column":2},"end":{"line":86,"column":61}},"52":{"start":{"line":87,"column":2},"end":{"line":87,"column":56}},"53":{"start":{"line":88,"column":2},"end":{"line":88,"column":51}},"54":{"start":{"line":89,"column":2},"end":{"line":89,"column":48}},"55":{"start":{"line":90,"column":2},"end":{"line":90,"column":48}},"56":{"start":{"line":91,"column":2},"end":{"line":91,"column":48}},"57":{"start":{"line":92,"column":2},"end":{"line":92,"column":41}},"58":{"start":{"line":93,"column":2},"end":{"line":93,"column":30}},"59":{"start":{"line":96,"column":0},"end":{"line":101,"column":2}},"60":{"start":{"line":97,"column":2},"end":{"line":97,"column":41}},"61":{"start":{"line":97,"column":34},"end":{"line":97,"column":41}},"62":{"start":{"line":98,"column":2},"end":{"line":100,"column":3}},"63":{"start":{"line":99,"column":4},"end":{"line":99,"column":43}},"64":{"start":{"line":103,"column":0},"end":{"line":108,"column":2}},"65":{"start":{"line":104,"column":2},"end":{"line":104,"column":50}},"66":{"start":{"line":104,"column":43},"end":{"line":104,"column":50}},"67":{"start":{"line":105,"column":2},"end":{"line":107,"column":3}},"68":{"start":{"line":106,"column":4},"end":{"line":106,"column":43}},"69":{"start":{"line":116,"column":0},"end":{"line":118,"column":2}},"70":{"start":{"line":117,"column":2},"end":{"line":117,"column":25}},"71":{"start":{"line":124,"column":0},"end":{"line":126,"column":2}},"72":{"start":{"line":125,"column":2},"end":{"line":125,"column":27}},"73":{"start":{"line":136,"column":0},"end":{"line":157,"column":2}},"74":{"start":{"line":137,"column":2},"end":{"line":139,"column":3}},"75":{"start":{"line":138,"column":4},"end":{"line":138,"column":17}},"76":{"start":{"line":140,"column":2},"end":{"line":140,"column":56}},"77":{"start":{"line":142,"column":2},"end":{"line":142,"column":62}},"78":{"start":{"line":143,"column":2},"end":{"line":148,"column":3}},"79":{"start":{"line":144,"column":4},"end":{"line":144,"column":94}},"80":{"start":{"line":145,"column":4},"end":{"line":147,"column":5}},"81":{"start":{"line":146,"column":6},"end":{"line":146,"column":33}},"82":{"start":{"line":149,"column":2},"end":{"line":155,"column":3}},"83":{"start":{"line":150,"column":4},"end":{"line":150,"column":69}},"84":{"start":{"line":151,"column":4},"end":{"line":153,"column":5}},"85":{"start":{"line":152,"column":6},"end":{"line":152,"column":42}},"86":{"start":{"line":154,"column":4},"end":{"line":154,"column":18}},"87":{"start":{"line":156,"column":2},"end":{"line":156,"column":55}},"88":{"start":{"line":163,"column":0},"end":{"line":167,"column":1}},"89":{"start":{"line":164,"column":2},"end":{"line":164,"column":64}},"90":{"start":{"line":165,"column":2},"end":{"line":165,"column":39}},"91":{"start":{"line":165,"column":28},"end":{"line":165,"column":39}},"92":{"start":{"line":166,"column":2},"end":{"line":166,"column":15}},"93":{"start":{"line":178,"column":0},"end":{"line":227,"column":2}},"94":{"start":{"line":179,"column":2},"end":{"line":179,"column":67}},"95":{"start":{"line":180,"column":2},"end":{"line":182,"column":3}},"96":{"start":{"line":181,"column":4},"end":{"line":181,"column":43}},"97":{"start":{"line":184,"column":2},"end":{"line":195,"column":3}},"98":{"start":{"line":185,"column":4},"end":{"line":194,"column":5}},"99":{"start":{"line":186,"column":6},"end":{"line":186,"column":49}},"100":{"start":{"line":187,"column":6},"end":{"line":187,"column":76}},"101":{"start":{"line":188,"column":6},"end":{"line":188,"column":32}},"102":{"start":{"line":189,"column":6},"end":{"line":189,"column":30}},"103":{"start":{"line":190,"column":6},"end":{"line":190,"column":27}},"104":{"start":{"line":191,"column":6},"end":{"line":191,"column":23}},"105":{"start":{"line":193,"column":6},"end":{"line":193,"column":84}},"106":{"start":{"line":197,"column":2},"end":{"line":197,"column":19}},"107":{"start":{"line":198,"column":2},"end":{"line":202,"column":3}},"108":{"start":{"line":199,"column":4},"end":{"line":199,"column":59}},"109":{"start":{"line":200,"column":4},"end":{"line":200,"column":118}},"110":{"start":{"line":201,"column":4},"end":{"line":201,"column":78}},"111":{"start":{"line":204,"column":2},"end":{"line":204,"column":63}},"112":{"start":{"line":206,"column":2},"end":{"line":220,"column":3}},"113":{"start":{"line":207,"column":4},"end":{"line":219,"column":5}},"114":{"start":{"line":208,"column":6},"end":{"line":208,"column":30}},"115":{"start":{"line":209,"column":6},"end":{"line":209,"column":43}},"116":{"start":{"line":210,"column":6},"end":{"line":215,"column":7}},"117":{"start":{"line":211,"column":8},"end":{"line":211,"column":76}},"118":{"start":{"line":212,"column":13},"end":{"line":215,"column":7}},"119":{"start":{"line":214,"column":8},"end":{"line":214,"column":71}},"120":{"start":{"line":216,"column":6},"end":{"line":218,"column":7}},"121":{"start":{"line":217,"column":8},"end":{"line":217,"column":42}},"122":{"start":{"line":222,"column":2},"end":{"line":225,"column":3}},"123":{"start":{"line":223,"column":4},"end":{"line":223,"column":75}},"124":{"start":{"line":224,"column":4},"end":{"line":224,"column":28}},"125":{"start":{"line":226,"column":2},"end":{"line":226,"column":16}},"126":{"start":{"line":235,"column":0},"end":{"line":237,"column":1}},"127":{"start":{"line":236,"column":2},"end":{"line":236,"column":94}},"128":{"start":{"line":245,"column":0},"end":{"line":251,"column":1}},"129":{"start":{"line":246,"column":2},"end":{"line":246,"column":10}},"130":{"start":{"line":247,"column":2},"end":{"line":249,"column":3}},"131":{"start":{"line":248,"column":4},"end":{"line":248,"column":52}},"132":{"start":{"line":250,"column":2},"end":{"line":250,"column":16}},"133":{"start":{"line":261,"column":0},"end":{"line":279,"column":2}},"134":{"start":{"line":262,"column":2},"end":{"line":262,"column":43}},"135":{"start":{"line":264,"column":2},"end":{"line":266,"column":3}},"136":{"start":{"line":265,"column":4},"end":{"line":265,"column":78}},"137":{"start":{"line":268,"column":2},"end":{"line":268,"column":42}},"138":{"start":{"line":269,"column":2},"end":{"line":269,"column":39}},"139":{"start":{"line":270,"column":2},"end":{"line":270,"column":110}},"140":{"start":{"line":271,"column":2},"end":{"line":273,"column":3}},"141":{"start":{"line":272,"column":4},"end":{"line":272,"column":75}},"142":{"start":{"line":274,"column":2},"end":{"line":274,"column":83}},"143":{"start":{"line":275,"column":2},"end":{"line":277,"column":3}},"144":{"start":{"line":276,"column":4},"end":{"line":276,"column":99}},"145":{"start":{"line":278,"column":2},"end":{"line":278,"column":60}},"146":{"start":{"line":291,"column":0},"end":{"line":301,"column":2}},"147":{"start":{"line":292,"column":2},"end":{"line":294,"column":3}},"148":{"start":{"line":293,"column":4},"end":{"line":293,"column":49}},"149":{"start":{"line":295,"column":2},"end":{"line":298,"column":3}},"150":{"start":{"line":296,"column":4},"end":{"line":296,"column":64}},"151":{"start":{"line":297,"column":4},"end":{"line":297,"column":60}},"152":{"start":{"line":300,"column":2},"end":{"line":300,"column":14}},"153":{"start":{"line":303,"column":0},"end":{"line":303,"column":43}},"154":{"start":{"line":304,"column":0},"end":{"line":306,"column":2}},"155":{"start":{"line":305,"column":2},"end":{"line":305,"column":37}},"156":{"start":{"line":307,"column":0},"end":{"line":310,"column":2}},"157":{"start":{"line":309,"column":2},"end":{"line":309,"column":59}},"158":{"start":{"line":311,"column":0},"end":{"line":313,"column":2}},"159":{"start":{"line":312,"column":2},"end":{"line":312,"column":61}},"160":{"start":{"line":314,"column":0},"end":{"line":316,"column":2}},"161":{"start":{"line":315,"column":2},"end":{"line":315,"column":38}},"162":{"start":{"line":317,"column":0},"end":{"line":319,"column":2}},"163":{"start":{"line":318,"column":2},"end":{"line":318,"column":35}},"164":{"start":{"line":320,"column":0},"end":{"line":322,"column":2}},"165":{"start":{"line":321,"column":2},"end":{"line":321,"column":27}},"166":{"start":{"line":323,"column":0},"end":{"line":325,"column":2}},"167":{"start":{"line":324,"column":2},"end":{"line":324,"column":34}},"168":{"start":{"line":326,"column":0},"end":{"line":328,"column":2}},"169":{"start":{"line":327,"column":2},"end":{"line":327,"column":14}},"170":{"start":{"line":329,"column":0},"end":{"line":332,"column":2}},"171":{"start":{"line":331,"column":2},"end":{"line":331,"column":115}},"172":{"start":{"line":334,"column":0},"end":{"line":334,"column":27}}},"branchMap":{"1":{"line":44,"type":"if","locations":[{"start":{"line":44,"column":2},"end":{"line":44,"column":2}},{"start":{"line":44,"column":2},"end":{"line":44,"column":2}}]},"2":{"line":47,"type":"binary-expr","locations":[{"start":{"line":47,"column":15},"end":{"line":47,"column":18}},{"start":{"line":47,"column":22},"end":{"line":47,"column":31}}]},"3":{"line":49,"type":"if","locations":[{"start":{"line":49,"column":2},"end":{"line":49,"column":2}},{"start":{"line":49,"column":2},"end":{"line":49,"column":2}}]},"4":{"line":56,"type":"if","locations":[{"start":{"line":56,"column":2},"end":{"line":56,"column":2}},{"start":{"line":56,"column":2},"end":{"line":56,"column":2}}]},"5":{"line":56,"type":"binary-expr","locations":[{"start":{"line":56,"column":5},"end":{"line":56,"column":12}},{"start":{"line":56,"column":16},"end":{"line":56,"column":39}}]},"6":{"line":58,"type":"if","locations":[{"start":{"line":58,"column":2},"end":{"line":58,"column":2}},{"start":{"line":58,"column":2},"end":{"line":58,"column":2}}]},"7":{"line":61,"type":"if","locations":[{"start":{"line":61,"column":4},"end":{"line":61,"column":4}},{"start":{"line":61,"column":4},"end":{"line":61,"column":4}}]},"8":{"line":67,"type":"binary-expr","locations":[{"start":{"line":67,"column":15},"end":{"line":67,"column":24}},{"start":{"line":67,"column":28},"end":{"line":67,"column":62}}]},"9":{"line":68,"type":"binary-expr","locations":[{"start":{"line":68,"column":16},"end":{"line":68,"column":22}},{"start":{"line":68,"column":26},"end":{"line":68,"column":33}}]},"10":{"line":69,"type":"if","locations":[{"start":{"line":69,"column":2},"end":{"line":69,"column":2}},{"start":{"line":69,"column":2},"end":{"line":69,"column":2}}]},"11":{"line":70,"type":"if","locations":[{"start":{"line":70,"column":4},"end":{"line":70,"column":4}},{"start":{"line":70,"column":4},"end":{"line":70,"column":4}}]},"12":{"line":71,"type":"if","locations":[{"start":{"line":71,"column":6},"end":{"line":71,"column":6}},{"start":{"line":71,"column":6},"end":{"line":71,"column":6}}]},"13":{"line":80,"type":"cond-expr","locations":[{"start":{"line":80,"column":67},"end":{"line":80,"column":79}},{"start":{"line":80,"column":80},"end":{"line":80,"column":94}}]},"14":{"line":81,"type":"cond-expr","locations":[{"start":{"line":81,"column":69},"end":{"line":81,"column":83}},{"start":{"line":81,"column":84},"end":{"line":81,"column":100}}]},"15":{"line":97,"type":"if","locations":[{"start":{"line":97,"column":2},"end":{"line":97,"column":2}},{"start":{"line":97,"column":2},"end":{"line":97,"column":2}}]},"16":{"line":104,"type":"if","locations":[{"start":{"line":104,"column":2},"end":{"line":104,"column":2}},{"start":{"line":104,"column":2},"end":{"line":104,"column":2}}]},"17":{"line":104,"type":"binary-expr","locations":[{"start":{"line":104,"column":5},"end":{"line":104,"column":13}},{"start":{"line":104,"column":17},"end":{"line":104,"column":41}}]},"18":{"line":137,"type":"if","locations":[{"start":{"line":137,"column":2},"end":{"line":137,"column":2}},{"start":{"line":137,"column":2},"end":{"line":137,"column":2}}]},"19":{"line":140,"type":"binary-expr","locations":[{"start":{"line":140,"column":21},"end":{"line":140,"column":41}},{"start":{"line":140,"column":45},"end":{"line":140,"column":55}}]},"20":{"line":142,"type":"binary-expr","locations":[{"start":{"line":142,"column":28},"end":{"line":142,"column":40}},{"start":{"line":142,"column":42},"end":{"line":142,"column":45}}]},"21":{"line":142,"type":"binary-expr","locations":[{"start":{"line":142,"column":47},"end":{"line":142,"column":56}},{"start":{"line":142,"column":58},"end":{"line":142,"column":60}}]},"22":{"line":143,"type":"if","locations":[{"start":{"line":143,"column":2},"end":{"line":143,"column":2}},{"start":{"line":143,"column":2},"end":{"line":143,"column":2}}]},"23":{"line":145,"type":"if","locations":[{"start":{"line":145,"column":4},"end":{"line":145,"column":4}},{"start":{"line":145,"column":4},"end":{"line":145,"column":4}}]},"24":{"line":149,"type":"if","locations":[{"start":{"line":149,"column":2},"end":{"line":149,"column":2}},{"start":{"line":149,"column":2},"end":{"line":149,"column":2}}]},"25":{"line":151,"type":"if","locations":[{"start":{"line":151,"column":4},"end":{"line":151,"column":4}},{"start":{"line":151,"column":4},"end":{"line":151,"column":4}}]},"26":{"line":164,"type":"cond-expr","locations":[{"start":{"line":164,"column":43},"end":{"line":164,"column":49}},{"start":{"line":164,"column":52},"end":{"line":164,"column":63}}]},"27":{"line":165,"type":"if","locations":[{"start":{"line":165,"column":2},"end":{"line":165,"column":2}},{"start":{"line":165,"column":2},"end":{"line":165,"column":2}}]},"28":{"line":180,"type":"if","locations":[{"start":{"line":180,"column":2},"end":{"line":180,"column":2}},{"start":{"line":180,"column":2},"end":{"line":180,"column":2}}]},"29":{"line":184,"type":"if","locations":[{"start":{"line":184,"column":2},"end":{"line":184,"column":2}},{"start":{"line":184,"column":2},"end":{"line":184,"column":2}}]},"30":{"line":185,"type":"if","locations":[{"start":{"line":185,"column":4},"end":{"line":185,"column":4}},{"start":{"line":185,"column":4},"end":{"line":185,"column":4}}]},"31":{"line":198,"type":"if","locations":[{"start":{"line":198,"column":2},"end":{"line":198,"column":2}},{"start":{"line":198,"column":2},"end":{"line":198,"column":2}}]},"32":{"line":204,"type":"binary-expr","locations":[{"start":{"line":204,"column":23},"end":{"line":204,"column":30}},{"start":{"line":204,"column":34},"end":{"line":204,"column":56}},{"start":{"line":204,"column":60},"end":{"line":204,"column":62}}]},"33":{"line":207,"type":"if","locations":[{"start":{"line":207,"column":4},"end":{"line":207,"column":4}},{"start":{"line":207,"column":4},"end":{"line":207,"column":4}}]},"34":{"line":207,"type":"binary-expr","locations":[{"start":{"line":207,"column":8},"end":{"line":207,"column":40}},{"start":{"line":207,"column":44},"end":{"line":207,"column":75}}]},"35":{"line":210,"type":"if","locations":[{"start":{"line":210,"column":6},"end":{"line":210,"column":6}},{"start":{"line":210,"column":6},"end":{"line":210,"column":6}}]},"36":{"line":212,"type":"if","locations":[{"start":{"line":212,"column":13},"end":{"line":212,"column":13}},{"start":{"line":212,"column":13},"end":{"line":212,"column":13}}]},"37":{"line":216,"type":"if","locations":[{"start":{"line":216,"column":6},"end":{"line":216,"column":6}},{"start":{"line":216,"column":6},"end":{"line":216,"column":6}}]},"38":{"line":222,"type":"if","locations":[{"start":{"line":222,"column":2},"end":{"line":222,"column":2}},{"start":{"line":222,"column":2},"end":{"line":222,"column":2}}]},"39":{"line":247,"type":"if","locations":[{"start":{"line":247,"column":2},"end":{"line":247,"column":2}},{"start":{"line":247,"column":2},"end":{"line":247,"column":2}}]},"40":{"line":264,"type":"if","locations":[{"start":{"line":264,"column":2},"end":{"line":264,"column":2}},{"start":{"line":264,"column":2},"end":{"line":264,"column":2}}]},"41":{"line":269,"type":"binary-expr","locations":[{"start":{"line":269,"column":17},"end":{"line":269,"column":23}},{"start":{"line":269,"column":27},"end":{"line":269,"column":38}}]},"42":{"line":270,"type":"binary-expr","locations":[{"start":{"line":270,"column":17},"end":{"line":270,"column":25}},{"start":{"line":270,"column":29},"end":{"line":270,"column":44}},{"start":{"line":270,"column":48},"end":{"line":270,"column":109}}]},"43":{"line":271,"type":"if","locations":[{"start":{"line":271,"column":2},"end":{"line":271,"column":2}},{"start":{"line":271,"column":2},"end":{"line":271,"column":2}}]},"44":{"line":271,"type":"binary-expr","locations":[{"start":{"line":271,"column":6},"end":{"line":271,"column":15}},{"start":{"line":271,"column":19},"end":{"line":271,"column":41}}]},"45":{"line":275,"type":"if","locations":[{"start":{"line":275,"column":2},"end":{"line":275,"column":2}},{"start":{"line":275,"column":2},"end":{"line":275,"column":2}}]},"46":{"line":292,"type":"if","locations":[{"start":{"line":292,"column":2},"end":{"line":292,"column":2}},{"start":{"line":292,"column":2},"end":{"line":292,"column":2}}]},"47":{"line":295,"type":"if","locations":[{"start":{"line":295,"column":2},"end":{"line":295,"column":2}},{"start":{"line":295,"column":2},"end":{"line":295,"column":2}}]},"48":{"line":295,"type":"binary-expr","locations":[{"start":{"line":295,"column":6},"end":{"line":295,"column":10}},{"start":{"line":295,"column":14},"end":{"line":295,"column":37}}]},"49":{"line":297,"type":"binary-expr","locations":[{"start":{"line":297,"column":11},"end":{"line":297,"column":28}},{"start":{"line":297,"column":32},"end":{"line":297,"column":59}}]},"50":{"line":297,"type":"binary-expr","locations":[{"start":{"line":297,"column":34},"end":{"line":297,"column":37}},{"start":{"line":297,"column":41},"end":{"line":297,"column":58}}]},"51":{"line":309,"type":"binary-expr","locations":[{"start":{"line":309,"column":9},"end":{"line":309,"column":36}},{"start":{"line":309,"column":40},"end":{"line":309,"column":58}}]},"52":{"line":312,"type":"binary-expr","locations":[{"start":{"line":312,"column":10},"end":{"line":312,"column":37}},{"start":{"line":312,"column":42},"end":{"line":312,"column":60}}]},"53":{"line":331,"type":"binary-expr","locations":[{"start":{"line":331,"column":9},"end":{"line":331,"column":17}},{"start":{"line":331,"column":21},"end":{"line":331,"column":51}},{"start":{"line":331,"column":55},"end":{"line":331,"column":83}},{"start":{"line":331,"column":87},"end":{"line":331,"column":114}}]}},"code":["'use strict';","","var urilib = require('url');","","var attribute = require('./attribute');","var helpers = require('./helpers');","var ValidatorResult = helpers.ValidatorResult;","var SchemaError = helpers.SchemaError;","var SchemaContext = helpers.SchemaContext;","","/**"," * Creates a new Validator object"," * @name Validator"," * @constructor"," */","var Validator = function Validator () {","  // Allow a validator instance to override global custom formats or to have their","  // own custom formats.","  this.customFormats = Object.create(Validator.prototype.customFormats);","  this.schemas = {};","  this.unresolvedRefs = [];","","  // Use Object.create to make this extensible without Validator instances stepping on each other's toes.","  this.types = Object.create(types);","  this.attributes = Object.create(attribute.validators);","};","","// Allow formats to be registered globally.","Validator.prototype.customFormats = {};","","// Hint at the presence of a property","Validator.prototype.schemas = null;","Validator.prototype.types = null;","Validator.prototype.attributes = null;","Validator.prototype.unresolvedRefs = null;","","/**"," * Adds a schema with a certain urn to the Validator instance."," * @param schema"," * @param urn"," * @return {Object}"," */","Validator.prototype.addSchema = function addSchema (schema, uri) {","  if (!schema) {","    return null;","  }","  var ourUri = uri || schema.id;","  this.addSubSchema(ourUri, schema);","  if (ourUri) {","    this.schemas[ourUri] = schema;","  }","  return this.schemas[ourUri];","};","","Validator.prototype.addSubSchema = function addSubSchema(baseuri, schema) {","  if(!schema || typeof schema!='object') return;","  // Mark all referenced schemas so we can tell later which schemas are referred to, but never defined","  if(schema.$ref){","    var resolvedUri = urilib.resolve(baseuri, schema.$ref);","    // Only mark unknown schemas as unresolved","    if (this.schemas[resolvedUri] === undefined) {","      this.schemas[resolvedUri] = null;","      this.unresolvedRefs.push(resolvedUri);","    }","    return;","  }","  var ourUri = schema.id && urilib.resolve(baseuri, schema.id);","  var ourBase = ourUri || baseuri;","  if (ourUri) {","    if(this.schemas[ourUri]){
[...]
column":23},"end":{"line":37,"column":30}},{"start":{"line":37,"column":34},"end":{"line":37,"column":64}}]},"8":{"line":42,"type":"if","locations":[{"start":{"line":42,"column":2},"end":{"line":42,"column":2}},{"start":{"line":42,"column":2},"end":{"line":42,"column":2}}]},"9":{"line":45,"type":"if","locations":[{"start":{"line":45,"column":4},"end":{"line":45,"column":4}},{"start":{"line":45,"column":4},"end":{"line":45,"column":4}}]},"10":{"line":46,"type":"if","locations":[{"start":{"line":46,"column":4},"end":{"line":46,"column":4}},{"start":{"line":46,"column":4},"end":{"line":46,"column":4}}]},"11":{"line":47,"type":"if","locations":[{"start":{"line":47,"column":4},"end":{"line":47,"column":4}},{"start":{"line":47,"column":4},"end":{"line":47,"column":4}}]},"12":{"line":51,"type":"if","locations":[{"start":{"line":51,"column":2},"end":{"line":51,"column":2}},{"start":{"line":51,"column":2},"end":{"line":51,"column":2}}]},"13":{"line":59,"type":"if","locations":[{"start":{"line":59,"column":2},"end":{"line":59,"column":2}},{"start":{"line":59,"column":2},"end":{"line":59,"column":2}}]},"14":{"line":59,"type":"binary-expr","locations":[{"start":{"line":59,"column":6},"end":{"line":59,"column":28}},{"start":{"line":59,"column":33},"end":{"line":59,"column":36}},{"start":{"line":59,"column":40},"end":{"line":59,"column":57}}]},"15":{"line":61,"type":"if","locations":[{"start":{"line":61,"column":9},"end":{"line":61,"column":9}},{"start":{"line":61,"column":9},"end":{"line":61,"column":9}}]},"16":{"line":61,"type":"binary-expr","locations":[{"start":{"line":61,"column":13},"end":{"line":61,"column":16}},{"start":{"line":61,"column":20},"end":{"line":61,"column":30}}]},"17":{"line":106,"type":"cond-expr","locations":[{"start":{"line":106,"column":50},"end":{"line":106,"column":67}},{"start":{"line":106,"column":70},"end":{"line":106,"column":112}}]},"18":{"line":107,"type":"binary-expr","locations":[{"start":{"line":107,"column":36},"end":{"line":107,"column":45}},{"start":{"line":107,"column":47},"end":{"line":107,"column":49}}]},"19":{"line":109,"type":"if","locations":[{"start":{"line":109,"column":2},"end":{"line":109,"column":2}},{"start":{"line":109,"column":2},"end":{"line":109,"column":2}}]},"20":{"line":109,"type":"binary-expr","locations":[{"start":{"line":109,"column":5},"end":{"line":109,"column":14}},{"start":{"line":109,"column":18},"end":{"line":109,"column":36}}]},"21":{"line":134,"type":"binary-expr","locations":[{"start":{"line":134,"column":12},"end":{"line":134,"column":37}},{"start":{"line":134,"column":42},"end":{"line":134,"column":83}},{"start":{"line":134,"column":87},"end":{"line":134,"column":100}}]},"22":{"line":154,"type":"if","locations":[{"start":{"line":154,"column":2},"end":{"line":154,"column":2}},{"start":{"line":154,"column":2},"end":{"line":154,"column":2}}]},"23":{"line":154,"type":"binary-expr","locations":[{"start":{"line":154,"column":6},"end":{"line":154,"column":31}},{"start":{"line":154,"column":35},"end":{"line":154,"column":71}}]},"24":{"line":155,"type":"if","locations":[{"start":{"line":155,"column":4},"end":{"line":155,"column":4}},{"start":{"line":155,"column":4},"end":{"line":155,"column":4}}]},"25":{"line":158,"type":"if","locations":[{"start":{"line":158,"column":4},"end":{"line":158,"column":4}},{"start":{"line":158,"column":4},"end":{"line":158,"column":4}}]},"26":{"line":161,"type":"if","locations":[{"start":{"line":161,"column":9},"end":{"line":161,"column":9}},{"start":{"line":161,"column":9},"end":{"line":161,"column":9}}]},"27":{"line":161,"type":"binary-expr","locations":[{"start":{"line":161,"column":13},"end":{"line":161,"column":22}},{"start":{"line":161,"column":26},"end":{"line":161,"column":49}},{"start":{"line":162,"column":6},"end":{"line":162,"column":59}}]},"28":{"line":173,"type":"if","locations":[{"start":{"line":173,"column":2},"end":{"line":173,"column":2}},{"start":{"line":173,"column":2},"end":{"line":173,"column":2}}]},"29":{"line":173,"type":"binary-expr","locations":[{"start":{"line":173,"column":6},"end":{"line":173,"column":29}},{"start":{"line":173,"column":33},"end":{"line":173,"column":52}}]},"30":{"line":176,"type":"if","locations":[{"start":{"line":176,"column":2},"end":{"line":176,"column":2}},{"start":{"line":176,"column":2},"end":{"line":176,"column":2}}]},"31":{"line":183,"type":"if","locations":[{"start":{"line":183,"column":2},"end":{"line":183,"column":2}},{"start":{"line":183,"column":2},"end":{"line":183,"column":2}}]},"32":{"line":186,"type":"if","locations":[{"start":{"line":186,"column":2},"end":{"line":186,"column":2}},{"start":{"line":186,"column":2},"end":{"line":186,"column":2}}]},"33":{"line":187,"type":"if","locations":[{"start":{"line":187,"column":4},"end":{"line":187,"column":4}},{"start":{"line":187,"column":4},"end":{"line":187,"column":4}}]},"34":{"line":190,"type":"if","locations":[{"start":{"line":190,"column":4},"end":{"line":190,"column":4}},{"start":{"line":190,"column":4},"end":{"line":190,"column":4}}]},"35":{"line":197,"type":"if","locations":[{"start":{"line":197,"column":2},"end":{"line":197,"column":2}},{"start":{"line":197,"column":2},"end":{"line":197,"column":2}}]},"36":{"line":198,"type":"if","locations":[{"start":{"line":198,"column":4},"end":{"line":198,"column":4}},{"start":{"line":198,"column":4},"end":{"line":198,"column":4}}]},"37":{"line":198,"type":"binary-expr","locations":[{"start":{"line":198,"column":8},"end":{"line":198,"column":10}},{"start":{"line":198,"column":14},"end":{"line":198,"column":16}}]},"38":{"line":203,"type":"if","locations":[{"start":{"line":203,"column":4},"end":{"line":203,"column":4}},{"start":{"line":203,"column":4},"end":{"line":203,"column":4}}]},"39":{"line":214,"type":"if","locations":[{"start":{"line":214,"column":2},"end":{"line":214,"column":2}},{"start":{"line":214,"column":2},"end":{"line":214,"column":2}}]},"40":{"line":217,"type":"if","locations":[{"start":{"line":217,"column":4},"end":{"line":217,"column":4}},{"start":{"line":217,"column":4},"end":{"line":217,"column":4}}]},"41":{"line":228,"type":"if","locations":[{"start":{"line":228,"column":2},"end":{"line":228,"column":2}},{"start":{"line":228,"column":2},"end":{"line":228,"column":2}}]},"42":{"line":228,"type":"binary-expr","locations":[{"start":{"line":228,"column":6},"end":{"line":228,"column":34}},{"start":{"line":228,"column":38},"end":{"line":228,"column":47}}]},"43":{"line":232,"type":"if","locations":[{"start":{"line":232,"column":4},"end":{"line":232,"column":4}},{"start":{"line":232,"column":4},"end":{"line":232,"column":4}}]},"44":{"line":242,"type":"binary-expr","locations":[{"start":{"line":242,"column":12},"end":{"line":242,"column":17}},{"start":{"line":242,"column":21},"end":{"line":242,"column":23}},{"start":{"line":242,"column":27},"end":{"line":242,"column":29}}]},"45":{"line":244,"type":"if","locations":[{"start":{"line":244,"column":2},"end":{"line":244,"column":2}},{"start":{"line":244,"column":2},"end":{"line":244,"column":2}}]},"46":{"line":245,"type":"binary-expr","locations":[{"start":{"line":245,"column":13},"end":{"line":245,"column":19}},{"start":{"line":245,"column":23},"end":{"line":245,"column":25}}]},"47":{"line":249,"type":"if","locations":[{"start":{"line":249,"column":4},"end":{"line":249,"column":4}},{"start":{"line":249,"column":4},"end":{"line":249,"column":4}}]},"48":{"line":249,"type":"binary-expr","locations":[{"start":{"line":249,"column":8},"end":{"line":249,"column":14}},{"start":{"line":249,"column":18},"end":{"line":249,"column":44}}]},"49":{"line":272,"type":"if","locations":[{"start":{"line":272,"column":4},"end":{"line":272,"column":4}},{"start":{"line":272,"column":4},"end":{"line":272,"column":4}}]}},"code":["'use strict';","","var uri = require('url');","","var ValidationError = exports.ValidationError = function ValidationError (message, instance, schema, propertyPath, name, argument) {","  if (propertyPath) {","    this.property = propertyPath;","  }","  if (message) {","    this.message = message;","  }","  if (schema) {","    if (schema.id) {","      this.schema = schema.id;","    } else {","      this.schema = schema;","    }","  }","  if (instance) {","    this.instance = instance;","  }","  this.name = name;","  this.argument = argument;","  this.stack = this.toString();","};","","ValidationError.prototype.toString = function toString() {","  return this.property + ' ' + this.message;","};","","var ValidatorResult = exports.ValidatorResult = function ValidatorResult(instance, schema, options, ctx) {","  this.instance = instance;","  this.schema = schema;","  this.propertyPath = ctx.propertyPath;","  this.errors = [];","  this.throwError = options && options.throwError;","  this.disableFormat = options && options.disableFormat === true;","};","","ValidatorResult.prototype.addError = function addError(detail) {","  var err;","  if (typeof detail == 'string') {","    err = new ValidationError(detail, this.instance, this.schema, this.propertyPath);","  } else {","    if (!detail) throw new Error('Missing error detail');","    if (!detail.message) throw new Error('Missing error message');","    if (!detail.name) throw new Error('Missing validator type');","    err = new ValidationError(detail.message, this.instance, this.schema, this.propertyPath, detail.name, detail.argument);","  }","","  if (this.throwError) {","    throw err;","  }","  this.errors.push(err);","  return err;","};","","ValidatorResult.prototype.importErrors = function importErrors(res) {","  if (typeof res == 'string' || (res && res.validatorType)) {","    this.addError(res);","  } else if (res && res.errors) {","    Array.prototype.push.apply(this.errors, res.errors);","  }","};","","function stringizer (v,i){","  return i+': '+v.toString()+'\\n';","}","ValidatorResult.prototype.toString = function toString(res) {","  return this.errors.map(stringizer).join('');","};","","Object.defineProperty(ValidatorResult.prototype, \"valid\", { get: function() {","  return !this.errors.length;","} });","","/**"," * Describes a problem with a Schema which prevents validation of an instance"," * @name SchemaError"," * @constructor"," */","var SchemaError = exports.SchemaError = function SchemaError (msg, schema) {","  this.message = msg;","  this.schema = schema;","  Error.call(this, msg);","  Error.captureStackTrace(this, SchemaError);","};","SchemaError.prototype = Object.create(Error.prototype,","  { constructor: {value: SchemaError, enumerable: false}","  , name: {value: 'SchemaError', enumerable: false}","  });","","var SchemaContext = exports.SchemaContext = function SchemaContext (schema, options, propertyPath, base, schemas) {","  this.schema = schema;","  this.options = options;","  this.propertyPath = propertyPath;","  this.base = base;","  this.schemas = schemas;","};","","SchemaContext.prototype.resolve = function resolve (target) {","  return uri.resolve(this.base, target);","};","","SchemaContext.prototype.makeChild = function makeChild(schema, propertyName){","  var propertyPath = (propertyName===undefined) ? this.propertyPath : this.propertyPath+makeSuffix(propertyName);","  var base = uri.resolve(this.base, schema.id||'');","  var ctx = new SchemaContext(schema, this.options, propertyPath, base, Object.create(this.schemas));","  if(schema.id && !ctx.schemas[base]){","    ctx.schemas[base] = schema;","  }","  return ctx;","}","","var FORMAT_REGEXPS = exports.FORMAT_REGEXPS = {","  'date-time': /^\\d{4}-(?:0[0-9]{1}|1[0-2]{1})-(3[01]|0[1-9]|[12][0-9])[tT ](2[0-4]|[01][0-9]):([0-5][0-9]):(60|[0-5][0-9])(\\.\\d+)?([zZ]|[+-]([0-5][0-9]):(60|[0-5][0-9]))$/,","  'date': /^\\d{4}-(?:0[0-9]{1}|1[0-2]{1})-(3[01]|0[1-9]|[12][0-9])$/,","  'time': /^(2[0-4]|[01][0-9]):([0-5][0-9]):(60|[0-5][0-9])$/,","","  'email': /^(?:[\\w\\!\\#\\$\\%\\&\\'\\*\\+\\-\\/\\=\\?\\^\\`\\{\\|\\}\\~]+\\.)*[\\w\\!\\#\\$\\%\\&\\'\\*\\+\\-\\/\\=\\?\\^\\`\\{\\|\\}\\~]+@(?:(?:(?:[a-zA-Z0-9](?:[a-zA-Z0-9\\-](?!\\.)){0,61}[a-zA-Z0-9]?\\.)+[a-zA-Z0-9](?:[a-zA-Z0-9\\-](?!$)){0,61}[a-zA-Z0-9]?)|(?:\\[(?:(?:[01]?\\d{1,2}|2[0-4]\\d|25[0-5])\\.){3}(?:[01]?\\d{1,2}|2[0-4]\\d|25[0-5])\\]))$/,","  'ip-address': /^(?:(?:25[0-5]|2[0-4][0-9]|[01]?[0-9][0-9]?)\\.){3}(?:25[0-5]|2[0-4][0-9]|[01]?[0-9][0-9]?)$/,","  'ipv6': /^\\s*((([0-9A-Fa-f]{1,4}:){7}([0-9A-Fa-f]{1,4}|:))|(([0-9A-Fa-f]{1,4}:){6}(:[0-9A-Fa-f]{1,4}|((25[0-5]|2[0-4]\\d|1\\d\\d|[1-9]?\\d)(\\.(25[0-5]|2[0-4]\\d|1\\d\\d|[1-9]?\\d)){3})|:))|(([0-9A-Fa-f]{1,4}:){5}(((:[0-9A-Fa-f]{1,4}){1,2})|:((25[0-5]|2[0-4]\\d|1\\d\\d|[1-9]?\\d)(\\.(25[0-5]|2[0-4]\\d|1\\d\\d|[1-9]?\\d)){3})|:))|(([0-9A-Fa-f]{1,4}:){4}(((:[0-9A-Fa-f]{1,4}){1,3})|((:[0-9A-Fa-f]{1,4})?:((25[0-5]|2[0-4]\\d|1\\d\\d|[1-9]?\\d)(\\.(25[0-5]|2[0-4]\\d|1\\d\\d|[1-9]?\\d)){3}))|:))|(([0-9A-Fa-f]{1,4}:){3}(((:[0-9A-Fa-f]{1,4}){1,4})|((:[0-9A-Fa-f]{1,4}){0,2}:((25[0-5]|2[0-4]\\d|1\\d\\d|[1-9]?\\d)(\\.(25[0-5]|2[0-4]\\d|1\\d\\d|[1-9]?\\d)){3}))|:))|(([0-9A-Fa-f]{1,4}:){2}(((:[0-9A-Fa-f]{1,4}){1,5})|((:[0-9A-Fa-f]{1,4}){0,3}:((25[0-5]|2[0-4]\\d|1\\d\\d|[1-9]?\\d)(\\.(25[0-5]|2[0-4]\\d|1\\d\\d|[1-9]?\\d)){3}))|:))|(([0-9A-Fa-f]{1,4}:){1}(((:[0-9A-Fa-f]{1,4}){1,6})|((:[0-9A-Fa-f]{1,4}){0,4}:((25[0-5]|2[0-4]\\d|1\\d\\d|[1-9]?\\d)(\\.(25[0-5]|2[0-4]\\d|1\\d\\d|[1-9]?\\d)){3}))|:))|(:(((:[0-9A-Fa-f]{1,4}){1,7})|((:[0-9A-Fa-f]{1,4}){0,5}:((25[0-5]|2[0-4]\\d|1\\d\\d|[1-9]?\\d)(\\.(25[0-5]|2[0-4]\\d|1\\d\\d|[1-9]?\\d)){3}))|:)))(%.+)?\\s*$/,","  'uri': /^[a-zA-Z][a-zA-Z0-9+-.]*:[^\\s]*$/,","","  'color': /^(#?([0-9A-Fa-f]{3}){1,2}\\b|aqua|black|blue|fuchsia|gray|green|lime|maroon|navy|olive|orange|purple|red|silver|teal|white|yellow|(rgb\\(\\s*\\b([0-9]|[1-9][0-9]|1[0-9][0-9]|2[0-4][0-9]|25[0-5])\\b\\s*,\\s*\\b([0-9]|[1-9][0-9]|1[0-9][0-9]|2[0-4][0-9]|25[0-5])\\b\\s*,\\s*\\b([0-9]|[1-9][0-9]|1[0-9][0-9]|2[0-4][0-9]|25[0-5])\\b\\s*\\))|(rgb\\(\\s*(\\d?\\d%|100%)+\\s*,\\s*(\\d?\\d%|100%)+\\s*,\\s*(\\d?\\d%|100%)+\\s*\\)))$/,","","  // hostname regex from: http://stackoverflow.com/a/1420225/5628","  'hostname': /^(?=.{1,255}$)[0-9A-Za-z](?:(?:[0-9A-Za-z]|-){0,61}[0-9A-Za-z])?(?:\\.[0-9A-Za-z](?:(?:[0-9A-Za-z]|-){0,61}[0-9A-Za-z])?)*\\.?$/,","  'host-name': /^(?=.{1,255}$)[0-9A-Za-z](?:(?:[0-9A-Za-z]|-){0,61}[0-9A-Za-z])?(?:\\.[0-9A-Za-z](?:(?:[0-9A-Za-z]|-){0,61}[0-9A-Za-z])?)*\\.?$/,","","  'alpha': /^[a-zA-Z]+$/,","  'alphanumeric': /^[a-zA-Z0-9]+$/,","  'utc-millisec': function (input) {","    return (typeof input === 'string') && parseFloat(input) === parseInt(input, 10) && !isNaN(input);","  },","  'regex': function (input) {","    var result = true;","    try {","      new RegExp(input);","    } catch (e) {","      result = false;","    }","    return result;","  },","  'style': /\\s*(.+?):\\s*([^;]+);?/g,","  'phone': /^\\+(?:[0-9] ?){6,14}[0-9]$/","};","","FORMAT_REGEXPS.regexp = FORMAT_REGEXPS.regex;","FORMAT_REGEXPS.pattern = FORMAT_REGEXPS.regex;","FORMAT_REGEXPS.ipv4 = FORMAT_REGEXPS['ip-address'];","","exports.isFormat = function isFormat (input, format, validator) {","  if (typeof input === 'string' && FORMAT_REGEXPS[format] !== undefined) {","    if (FORMAT_REGEXPS[format] instanceof RegExp) {","      return FORMAT_REGEXPS[format].test(input);","    }","    if (typeof FORMAT_REGEXPS[format] === 'function') {","      return FORMAT_REGEXPS[format](input);","    }","  } else if (validator && validator.customFormats &&","      typeof validator.customFormats[format] === 'function') {","    return validator.customFormats[format](input);","  }","  return true;","};","","var makeSuffix = exports.makeSuffix = function makeSuffix (key) {","  key = key.toString();","  // This function could be capable of outputting valid a ECMAScript string, but the","  // resulting code for testing which form to use would be tens of thousands of characters long","  // That means this will use the name form for some illegal forms","  if (!key.match(/[.\\s\\[\\]]/) && !key.match(/^[\\d]/)) {","    return '.' + key;","  }","  if (key.match(/^\\d+$/)) {","    return '[' + key + ']';","  }","  return '[' + JSON.stringify(key) + ']';","};","","exports.deepCompareStrict = function deepCompareStrict (a, b) {","  if (typeof a !== typeof b) {","    return false;","  }","  if (a instanceof Array) {","    if (!(b instanceof Array)) {","      return false;","    }","    if (a.length !== b.length) {","      return false;","    }","    return a.every(function (v, i) {","      return deepCompareStrict(a[i], b[i]);","    });","  }","  if (typeof a === 'object') {","    if (!a || !b) {","      return a === b;","    }","    var aKeys = Object.keys(a);","    var bKeys = Object.keys(b);","    if (aKeys.length !== bKeys.length) {","      return false;","    }","    return aKeys.every(function (v) {","      return deepCompareStrict(a[v], b[v]);","    });","  }","  return a === b;","};","","function deepMerger (target, dst, e, i) {","  if (typeof e === 'object') {","    dst[i] = deepMerge(target[i], e)","  } else {","    if (target.indexOf(e) === -1) {","      dst.push(e)","    }","  }","}","","function copyist (src, dst, key) {","  dst[key] = src[key];","}","","function copyistWithDeepMerge (target, src, dst, key) {","  if (typeof src[key] !== 'object' || !src[key]) {","    dst[key] = src[key];","  }","  else {","    if (!target[key]) {","      dst[key] = src[key];","    } else {","      dst[key] = deepMerge(target[key], src[key])","    }","  }","}","","function deepMerge (target, src) {","  var array = Array.isArray(src);","  var dst = array && [] || {};","","  if (array) {","    target = target || [];","    dst = dst.concat(target);","    src.forEach(deepMerger.bind(null, target, dst));","  } else {","    if (target && typeof target === 'object') {","      Object.keys(target).forEach(copyist.bind(null, target, dst));","    }","    Object.keys(src).forEach(copyistWithDeepMerge.bind(null, target, src, dst));","  }","","  return dst;","};","","module.exports.deepMerge = deepMerge;","","/**"," * Validates instance against the provided schema"," * Implements URI+JSON Pointer encoding, e.g. \"%7e\"=\"~0\"=>\"~\", \"~1\"=\"%2f\"=>\"/\""," * @param o"," * @param s The path to walk o along"," * @return any"," */","exports.objectGetPath = function objectGetPath(o, s) {","  var parts = s.split('/').slice(1);","  var k;","  while (typeof (k=parts.shift()) == 'string') {","    var n = decodeURIComponent(k.replace(/~0/,'~').replace(/~1/g,'/'));","    if (!(n in o)) return;","    o = o[n];","  }","  return o;","};","","function pathEncoder (v) {","  return '/'+encodeURIComponent(v).replace(/~/g,'%7E');","}","/**"," * Accept an Array of property names and return a JSON Pointer URI fragment"," * @param Array a"," * @return {String}"," */","exports.encodePath = function encodePointer(a){","\t// ~ must be encoded explicitly because hacks","\t// the slash is encoded by encodeURIComponent","\treturn a.map(pathEncoder).join('');","};",""],"l":{"3":1,"5":1,"6":0,"7":0,"9":0,"10":0,"12":0,"13":0,"14":0,"16":0,"19":0,"20":0,"22":0,"23":0,"24":0,"27":1,"28":0,"31":1,"32":0,"33":0,"34":0,"35":0,"36":0,"37":0,"40":1,"41":0,"42":0,"43":0,"45":0,"46":0,"47":0,"48":0,"51":0,"52":0,"54":0,"55":0,"58":1,"59":0,"60":0,"61":0,"62":0,"66":1,"67":0,"69":1,"70":0,"73":1,"74":0,"82":1,"83":0,"84":0,"85":0,"86":0,"88":1,"93":1,"94":0,"95":0,"96":0,"97":0,"98":0,"101":1,"102":0,"105":1,"106":0,"107":0,"108":0,"109":0,"110":0,"112":0,"115":1,"134":0,"137":0,"138":0,"139":0,"141":0,"143":0,"149":1,"150":1,"151":1,"153":1,"154":0,"155":0,"156":0,"158":0,"159":0,"161":0,"163":0,"165":0,"168":1,"169":0,"173":0,"174":0,"176":0,"177":0,"179":0,"182":1,"183":0,"184":0,"186":0,"187":0,"188":0,"190":0,"191":0,"193":0,"194":0,"197":0,"198":0,"199":0,"201":0,"202":0,"203":0,"204":0,"206":0,"207":0,"210":0,"213":1,"214":0,"215":0,"217":0,"218":0,"223":1,"224":0,"227":1,"228":0,"229":0,"232":0,"233":0,"235":0,"240":1,"241":0,"242":0,"244":0,"245":0,"246":0,"247":0,"249":0,"250":0,"252":0,"255":0,"258":1,"267":1,"268":0,"269":0,"270":0,"271":0,"272":0,"273":0,"275":0,"278":1,"279":0,"286":1,"289":0}}}